        -:    0:Source:/home/daniel/Projects/C++/Natrix/src/Engine/Base/PositionRepresentation/Position.hpp
        -:    0:Graph:/home/daniel/Projects/C++/Natrix/cmake-build-debug-coverage/CMakeFiles/Natrix.dir/src/Engine/AI/AI.cpp.gcno
        -:    0:Data:/home/daniel/Projects/C++/Natrix/cmake-build-debug-coverage/CMakeFiles/Natrix.dir/src/Engine/AI/AI.cpp.gcda
        -:    0:Runs:1
        -:    1:#include <cmath>
        -:    2:#include "RepetitionHistory.hpp"
        -:    3:#include "Move.hpp"
        -:    4:
        -:    5:
        -:    6:#pragma once
        -:    7:
        -:    8:
    #####:    9:class Position {
    %%%%%:    9-block  0
branch  0 never executed
branch  1 never executed
    %%%%%:    9-block  1
branch  2 never executed
branch  3 never executed
    $$$$$:    9-block  2
branch  4 never executed
branch  5 never executed
    $$$$$:    9-block  3
    %%%%%:    9-block  4
branch  6 never executed
branch  7 never executed
    %%%%%:    9-block  5
    %%%%%:    9-block  6
branch  8 never executed
branch  9 never executed
    %%%%%:    9-block  7
    $$$$$:    9-block  8
branch 10 never executed
branch 11 never executed
    $$$$$:    9-block  9
    $$$$$:    9-block 10
branch 12 never executed
branch 13 never executed
    $$$$$:    9-block 11
    %%%%%:    9-block 12
branch 14 never executed
branch 15 never executed
    %%%%%:    9-block 13
call   16 never executed
    %%%%%:    9-block 14
branch 17 never executed
branch 18 never executed
    %%%%%:    9-block 15
    $$$$$:    9-block 16
branch 19 never executed
branch 20 never executed
    $$$$$:    9-block 17
call   21 never executed
    $$$$$:    9-block 18
branch 22 never executed
branch 23 never executed
    %%%%%:    9-block 19
branch 24 never executed
branch 25 never executed
    %%%%%:    9-block 20
call   26 never executed
    %%%%%:    9-block 21
branch 27 never executed
branch 28 never executed
    %%%%%:    9-block 22
    $$$$$:    9-block 23
branch 29 never executed
branch 30 never executed
    $$$$$:    9-block 24
call   31 never executed
    $$$$$:    9-block 25
branch 32 never executed
branch 33 never executed
    %%%%%:    9-block 26
branch 34 never executed
branch 35 never executed
    %%%%%:    9-block 27
call   36 never executed
    %%%%%:    9-block 28
branch 37 never executed
branch 38 never executed
    %%%%%:    9-block 29
branch 39 never executed
branch 40 never executed
    %%%%%:    9-block 30
branch 41 never executed
branch 42 never executed
    %%%%%:    9-block 31
    $$$$$:    9-block 32
branch 43 never executed
branch 44 never executed
    $$$$$:    9-block 33
call   45 never executed
    $$$$$:    9-block 34
branch 46 never executed
branch 47 never executed
    $$$$$:    9-block 35
    $$$$$:    9-block 36
branch 48 never executed
branch 49 never executed
    %%%%%:    9-block 37
branch 50 never executed
branch 51 never executed
    %%%%%:    9-block 38
call   52 never executed
    %%%%%:    9-block 39
branch 53 never executed
branch 54 never executed
    %%%%%:    9-block 40
branch 55 never executed
branch 56 never executed
    %%%%%:    9-block 41
branch 57 never executed
branch 58 never executed
    %%%%%:    9-block 42
    $$$$$:    9-block 43
branch 59 never executed
branch 60 never executed
    $$$$$:    9-block 44
call   61 never executed
    $$$$$:    9-block 45
branch 62 never executed
branch 63 never executed
    $$$$$:    9-block 46
    $$$$$:    9-block 47
branch 64 never executed
branch 65 never executed
    %%%%%:    9-block 48
branch 66 never executed
branch 67 never executed
    %%%%%:    9-block 49
    %%%%%:    9-block 50
branch 68 never executed
branch 69 never executed
    %%%%%:    9-block 51
    $$$$$:    9-block 52
branch 70 never executed
branch 71 never executed
    $$$$$:    9-block 53
call   72 never executed
    $$$$$:    9-block 54
branch 73 never executed
branch 74 never executed
        -:   10:public:
        -:   11:    Position();
        -:   12:    Position(const std::string& short_fen, uint8_t en_passant, bool w_l_castling, bool w_s_castling, bool b_l_castling, bool b_s_castling, float move_ctr);
        -:   13:
        -:   14:    friend std::ostream& operator <<(std::ostream& ostream, Position position);
        -:   15:
        -:   16:    void move(Move move);
        -:   17:
        -:   18:    Pieces _pieces;
        -:   19:    uint8_t _en_passant;
        -:   20:
        -:   21:    bool _w_l_castling;
        -:   22:    bool _w_s_castling;
        -:   23:    bool _b_l_castling;
        -:   24:    bool _b_s_castling;
        -:   25:
        -:   26:    bool _white_castling_happened;
        -:   27:    bool _black_castling_happened;
        -:   28:
        -:   29:    float _move_ctr;
        -:   30:    ZobristHash _hash;
        -:   31:    float _fifty_moves_ctr;
        -:   32:    RepetitionHistory _repetition_history;
        -:   33:private:
        -:   34:    void _add_piece(uint8_t square, uint8_t type, uint8_t side);
        -:   35:    void _remove_piece(uint8_t square, uint8_t type, uint8_t side);
        -:   36:    void _change_en_passant(uint8_t en_passant);
        -:   37:
        -:   38:    void _remove_w_l_castling();
        -:   39:    void _remove_w_s_castling();
        -:   40:    void _remove_b_l_castling();
        -:   41:    void _remove_b_s_castling();
        -:   42:
        -:   43:    void _update_move_ctr();
        -:   44:    void _update_fifty_moves_ctr(bool break_event);
        -:   45:};
