        -:    0:Source:/usr/include/c++/9/ext/new_allocator.h
        -:    0:Graph:/home/daniel/Projects/C++/Natrix/cmake-build-debug-coverage/CMakeFiles/Natrix.dir/src/Natrix.cpp.gcno
        -:    0:Data:/home/daniel/Projects/C++/Natrix/cmake-build-debug-coverage/CMakeFiles/Natrix.dir/src/Natrix.cpp.gcda
        -:    0:Runs:1
        -:    1:// Allocator that wraps operator new -*- C++ -*-
        -:    2:
        -:    3:// Copyright (C) 2001-2019 Free Software Foundation, Inc.
        -:    4://
        -:    5:// This file is part of the GNU ISO C++ Library.  This library is free
        -:    6:// software; you can redistribute it and/or modify it under the
        -:    7:// terms of the GNU General Public License as published by the
        -:    8:// Free Software Foundation; either version 3, or (at your option)
        -:    9:// any later version.
        -:   10:
        -:   11:// This library is distributed in the hope that it will be useful,
        -:   12:// but WITHOUT ANY WARRANTY; without even the implied warranty of
        -:   13:// MERCHANTABILITY or FITNESS FOR A PARTICULAR PURPOSE.  See the
        -:   14:// GNU General Public License for more details.
        -:   15:
        -:   16:// Under Section 7 of GPL version 3, you are granted additional
        -:   17:// permissions described in the GCC Runtime Library Exception, version
        -:   18:// 3.1, as published by the Free Software Foundation.
        -:   19:
        -:   20:// You should have received a copy of the GNU General Public License and
        -:   21:// a copy of the GCC Runtime Library Exception along with this program;
        -:   22:// see the files COPYING3 and COPYING.RUNTIME respectively.  If not, see
        -:   23:// <http://www.gnu.org/licenses/>.
        -:   24:
        -:   25:/** @file ext/new_allocator.h
        -:   26: *  This file is a GNU extension to the Standard C++ Library.
        -:   27: */
        -:   28:
        -:   29:#ifndef _NEW_ALLOCATOR_H
        -:   30:#define _NEW_ALLOCATOR_H 1
        -:   31:
        -:   32:#include <bits/c++config.h>
        -:   33:#include <new>
        -:   34:#include <bits/functexcept.h>
        -:   35:#include <bits/move.h>
        -:   36:#if __cplusplus >= 201103L
        -:   37:#include <type_traits>
        -:   38:#endif
        -:   39:
        -:   40:namespace __gnu_cxx _GLIBCXX_VISIBILITY(default)
        -:   41:{
        -:   42:_GLIBCXX_BEGIN_NAMESPACE_VERSION
        -:   43:
        -:   44:  using std::size_t;
        -:   45:  using std::ptrdiff_t;
        -:   46:
        -:   47:  /**
        -:   48:   *  @brief  An allocator that uses global new, as per [20.4].
        -:   49:   *  @ingroup allocators
        -:   50:   *
        -:   51:   *  This is precisely the allocator defined in the C++ Standard.
        -:   52:   *    - all allocation calls operator new
        -:   53:   *    - all deallocation calls operator delete
        -:   54:   *
        -:   55:   *  @tparam  _Tp  Type of allocated object.
        -:   56:   */
        -:   57:  template<typename _Tp>
        -:   58:    class new_allocator
        -:   59:    {
        -:   60:    public:
        -:   61:      typedef size_t     size_type;
        -:   62:      typedef ptrdiff_t  difference_type;
        -:   63:      typedef _Tp*       pointer;
        -:   64:      typedef const _Tp* const_pointer;
        -:   65:      typedef _Tp&       reference;
        -:   66:      typedef const _Tp& const_reference;
        -:   67:      typedef _Tp        value_type;
        -:   68:
        -:   69:      template<typename _Tp1>
        -:   70:	struct rebind
        -:   71:	{ typedef new_allocator<_Tp1> other; };
        -:   72:
        -:   73:#if __cplusplus >= 201103L
        -:   74:      // _GLIBCXX_RESOLVE_LIB_DEFECTS
        -:   75:      // 2103. propagate_on_container_move_assignment
        -:   76:      typedef std::true_type propagate_on_container_move_assignment;
        -:   77:#endif
        -:   78:
        -:   79:      _GLIBCXX20_CONSTEXPR
       1*:   80:      new_allocator() _GLIBCXX_USE_NOEXCEPT { }
call    0 never executed
branch  1 never executed
branch  2 never executed
    %%%%%:   80-block  0
call    3 never executed
branch  4 never executed
branch  5 never executed
    %%%%%:   80-block  1
call    6 never executed
branch  7 never executed
branch  8 never executed
    %%%%%:   80-block  2
call    9 never executed
branch 10 never executed
branch 11 never executed
    %%%%%:   80-block  3
call   12 never executed
branch 13 never executed
branch 14 never executed
    %%%%%:   80-block  4
call   15 never executed
branch 16 never executed
branch 17 never executed
    %%%%%:   80-block  5
call   18 never executed
branch 19 never executed
branch 20 never executed
    %%%%%:   80-block  6
call   21 never executed
branch 22 never executed
branch 23 never executed
    %%%%%:   80-block  7
call   24 never executed
branch 25 never executed
branch 26 never executed
    %%%%%:   80-block  8
call   27 never executed
branch 28 never executed
branch 29 never executed
    %%%%%:   80-block  9
call   30 never executed
branch 31 never executed
branch 32 never executed
    %%%%%:   80-block 10
call   33 never executed
branch 34 never executed
branch 35 never executed
    %%%%%:   80-block 11
call   36 never executed
branch 37 never executed
branch 38 never executed
    %%%%%:   80-block 12
call   39 never executed
branch 40 never executed
branch 41 never executed
    %%%%%:   80-block 13
call   42 never executed
branch 43 never executed
branch 44 never executed
    %%%%%:   80-block 14
call   45 never executed
branch 46 never executed
branch 47 never executed
    %%%%%:   80-block 15
call   48 never executed
branch 49 never executed
branch 50 never executed
    %%%%%:   80-block 16
call   51 never executed
branch 52 never executed
branch 53 never executed
    %%%%%:   80-block 17
call   54 never executed
branch 55 never executed
branch 56 never executed
    %%%%%:   80-block 18
call   57 never executed
branch 58 never executed
branch 59 never executed
    %%%%%:   80-block 19
call   60 never executed
branch 61 never executed
branch 62 never executed
    %%%%%:   80-block 20
call   63 never executed
branch 64 never executed
branch 65 never executed
    %%%%%:   80-block 21
call   66 never executed
branch 67 never executed
branch 68 never executed
    %%%%%:   80-block 22
call   69 never executed
branch 70 never executed
branch 71 never executed
    %%%%%:   80-block 23
call   72 never executed
branch 73 never executed
branch 74 never executed
    %%%%%:   80-block 24
call   75 never executed
branch 76 never executed
branch 77 never executed
    %%%%%:   80-block 25
call   78 never executed
branch 79 never executed
branch 80 never executed
    %%%%%:   80-block 26
call   81 never executed
branch 82 never executed
branch 83 never executed
    %%%%%:   80-block 27
call   84 never executed
branch 85 never executed
branch 86 never executed
    %%%%%:   80-block 28
call   87 never executed
branch 88 never executed
branch 89 never executed
    %%%%%:   80-block 29
call   90 never executed
branch 91 never executed
branch 92 never executed
    %%%%%:   80-block 30
call   93 never executed
branch 94 never executed
branch 95 never executed
    %%%%%:   80-block 31
call   96 never executed
branch 97 never executed
branch 98 never executed
    %%%%%:   80-block 32
call   99 never executed
branch 100 never executed
branch 101 never executed
    %%%%%:   80-block 33
call   102 never executed
branch 103 never executed
branch 104 never executed
    %%%%%:   80-block 34
call   105 never executed
branch 106 never executed
branch 107 never executed
    %%%%%:   80-block 35
call   108 never executed
branch 109 never executed
branch 110 never executed
    %%%%%:   80-block 36
call   111 never executed
branch 112 never executed
branch 113 never executed
    %%%%%:   80-block 37
call   114 never executed
branch 115 never executed
branch 116 never executed
    %%%%%:   80-block 38
call   117 never executed
branch 118 never executed
branch 119 never executed
    %%%%%:   80-block 39
call   120 never executed
branch 121 never executed
branch 122 never executed
    %%%%%:   80-block 40
call   123 never executed
branch 124 never executed
branch 125 never executed
    %%%%%:   80-block 41
call   126 never executed
branch 127 never executed
branch 128 never executed
    %%%%%:   80-block 42
call   129 never executed
branch 130 never executed
branch 131 never executed
    %%%%%:   80-block 43
call   132 never executed
branch 133 never executed
branch 134 never executed
    %%%%%:   80-block 44
call   135 never executed
branch 136 never executed
branch 137 never executed
    %%%%%:   80-block 45
call   138 never executed
branch 139 never executed
branch 140 never executed
    %%%%%:   80-block 46
call   141 never executed
branch 142 never executed
branch 143 never executed
    %%%%%:   80-block 47
call   144 never executed
branch 145 never executed
branch 146 never executed
    %%%%%:   80-block 48
call   147 never executed
branch 148 never executed
branch 149 never executed
    %%%%%:   80-block 49
call   150 never executed
branch 151 never executed
branch 152 never executed
    %%%%%:   80-block 50
call   153 never executed
branch 154 never executed
branch 155 never executed
    %%%%%:   80-block 51
call   156 never executed
branch 157 never executed
branch 158 never executed
    %%%%%:   80-block 52
call   159 never executed
branch 160 never executed
branch 161 never executed
call   162 never executed
branch 163 never executed
branch 164 never executed
    %%%%%:   80-block 53
call   165 never executed
branch 166 never executed
branch 167 never executed
    %%%%%:   80-block 54
call   168 never executed
branch 169 never executed
branch 170 never executed
call   171 never executed
branch 172 never executed
branch 173 never executed
call   174 never executed
branch 175 never executed
branch 176 never executed
    %%%%%:   80-block 55
call   177 never executed
branch 178 never executed
branch 179 never executed
    %%%%%:   80-block 56
call   180 never executed
branch 181 never executed
branch 182 never executed
    %%%%%:   80-block 57
call   183 never executed
branch 184 never executed
branch 185 never executed
    %%%%%:   80-block 58
call   186 never executed
branch 187 never executed
branch 188 never executed
    %%%%%:   80-block 59
call   189 never executed
branch 190 never executed
branch 191 never executed
    %%%%%:   80-block 60
call   192 never executed
branch 193 never executed
branch 194 never executed
    %%%%%:   80-block 61
call   195 never executed
branch 196 never executed
branch 197 never executed
    %%%%%:   80-block 62
call   198 never executed
branch 199 never executed
branch 200 never executed
    %%%%%:   80-block 63
call   201 never executed
branch 202 never executed
branch 203 never executed
    %%%%%:   80-block 64
call   204 never executed
branch 205 never executed
branch 206 never executed
        1:   80-block 65
call   207 returned 1
branch 208 taken 1 (fallthrough)
branch 209 taken 0 (throw)
    %%%%%:   80-block 66
call   210 never executed
branch 211 never executed
branch 212 never executed
    %%%%%:   80-block 67
call   213 never executed
branch 214 never executed
branch 215 never executed
    %%%%%:   80-block 68
call   216 never executed
branch 217 never executed
branch 218 never executed
    %%%%%:   80-block 69
call   219 never executed
branch 220 never executed
branch 221 never executed
    %%%%%:   80-block 70
call   222 never executed
branch 223 never executed
branch 224 never executed
    %%%%%:   80-block 71
call   225 never executed
branch 226 never executed
branch 227 never executed
    %%%%%:   80-block 72
call   228 never executed
branch 229 never executed
branch 230 never executed
    %%%%%:   80-block 73
call   231 never executed
branch 232 never executed
branch 233 never executed
    %%%%%:   80-block 74
call   234 never executed
branch 235 never executed
branch 236 never executed
    %%%%%:   80-block 75
call   237 never executed
branch 238 never executed
branch 239 never executed
    %%%%%:   80-block 76
call   240 never executed
branch 241 never executed
branch 242 never executed
    %%%%%:   80-block 77
call   243 never executed
branch 244 never executed
branch 245 never executed
    %%%%%:   80-block 78
call   246 never executed
branch 247 never executed
branch 248 never executed
    %%%%%:   80-block 79
call   249 never executed
branch 250 never executed
branch 251 never executed
    %%%%%:   80-block 80
call   252 never executed
branch 253 never executed
branch 254 never executed
    %%%%%:   80-block 81
call   255 never executed
branch 256 never executed
branch 257 never executed
    %%%%%:   80-block 82
call   258 never executed
branch 259 never executed
branch 260 never executed
    %%%%%:   80-block 83
call   261 never executed
branch 262 never executed
branch 263 never executed
    %%%%%:   80-block 84
call   264 never executed
branch 265 never executed
branch 266 never executed
    %%%%%:   80-block 85
call   267 never executed
branch 268 never executed
branch 269 never executed
    %%%%%:   80-block 86
call   270 never executed
branch 271 never executed
branch 272 never executed
    %%%%%:   80-block 87
call   273 never executed
branch 274 never executed
branch 275 never executed
    %%%%%:   80-block 88
call   276 never executed
branch 277 never executed
branch 278 never executed
    %%%%%:   80-block 89
call   279 never executed
branch 280 never executed
branch 281 never executed
    %%%%%:   80-block 90
call   282 never executed
branch 283 never executed
branch 284 never executed
    %%%%%:   80-block 91
call   285 never executed
branch 286 never executed
branch 287 never executed
    %%%%%:   80-block 92
call   288 never executed
branch 289 never executed
branch 290 never executed
    %%%%%:   80-block 93
call   291 never executed
branch 292 never executed
branch 293 never executed
    %%%%%:   80-block 94
call   294 never executed
branch 295 never executed
branch 296 never executed
    %%%%%:   80-block 95
call   297 never executed
branch 298 never executed
branch 299 never executed
    %%%%%:   80-block 96
call   300 never executed
branch 301 never executed
branch 302 never executed
    %%%%%:   80-block 97
call   303 never executed
branch 304 never executed
branch 305 never executed
    %%%%%:   80-block 98
call   306 never executed
branch 307 never executed
branch 308 never executed
    %%%%%:   80-block 99
call   309 never executed
branch 310 never executed
branch 311 never executed
    %%%%%:   80-block 100
call   312 never executed
branch 313 never executed
branch 314 never executed
    %%%%%:   80-block 101
call   315 never executed
branch 316 never executed
branch 317 never executed
    %%%%%:   80-block 102
call   318 never executed
branch 319 never executed
branch 320 never executed
    %%%%%:   80-block 103
call   321 never executed
branch 322 never executed
branch 323 never executed
    %%%%%:   80-block 104
call   324 never executed
branch 325 never executed
branch 326 never executed
    %%%%%:   80-block 105
call   327 never executed
branch 328 never executed
branch 329 never executed
        -:   81:
        -:   82:      _GLIBCXX20_CONSTEXPR
       2*:   83:      new_allocator(const new_allocator&) _GLIBCXX_USE_NOEXCEPT { }
    %%%%%:   83-block  0
call    0 never executed
    %%%%%:   83-block  1
branch  1 never executed
branch  2 never executed
branch  3 taken 0 (fallthrough)
branch  4 taken 1
call    5 never executed
branch  6 never executed
branch  7 never executed
    %%%%%:   83-block  2
call    8 never executed
branch  9 never executed
branch 10 never executed
    %%%%%:   83-block  3
call   11 never executed
branch 12 never executed
branch 13 never executed
    %%%%%:   83-block  4
call   14 never executed
branch 15 never executed
branch 16 never executed
        1:   83-block  5
call   17 returned 1
branch 18 taken 1 (fallthrough)
branch 19 taken 0 (throw)
    %%%%%:   83-block  6
call   20 never executed
branch 21 never executed
branch 22 never executed
    %%%%%:   83-block  7
call   23 never executed
branch 24 never executed
branch 25 never executed
    %%%%%:   83-block  8
call   26 never executed
branch 27 never executed
branch 28 never executed
    %%%%%:   83-block  9
call   29 never executed
branch 30 never executed
branch 31 never executed
    %%%%%:   83-block 10
call   32 never executed
branch 33 never executed
branch 34 never executed
    %%%%%:   83-block 11
call   35 never executed
branch 36 never executed
branch 37 never executed
    %%%%%:   83-block 12
call   38 never executed
branch 39 never executed
branch 40 never executed
    %%%%%:   83-block 13
call   41 never executed
branch 42 never executed
branch 43 never executed
    %%%%%:   83-block 14
call   44 never executed
branch 45 never executed
branch 46 never executed
    %%%%%:   83-block 15
call   47 never executed
branch 48 never executed
branch 49 never executed
    %%%%%:   83-block 16
call   50 never executed
branch 51 never executed
branch 52 never executed
    %%%%%:   83-block 17
call   53 never executed
branch 54 never executed
branch 55 never executed
    %%%%%:   83-block 18
call   56 never executed
branch 57 never executed
branch 58 never executed
    %%%%%:   83-block 19
call   59 never executed
branch 60 never executed
branch 61 never executed
    %%%%%:   83-block 20
call   62 never executed
branch 63 never executed
branch 64 never executed
    %%%%%:   83-block 21
call   65 never executed
branch 66 never executed
branch 67 never executed
    %%%%%:   83-block 22
call   68 never executed
branch 69 never executed
branch 70 never executed
    %%%%%:   83-block 23
call   71 never executed
branch 72 never executed
branch 73 never executed
    %%%%%:   83-block 24
call   74 never executed
branch 75 never executed
branch 76 never executed
    %%%%%:   83-block 25
call   77 never executed
branch 78 never executed
branch 79 never executed
        -:   84:
        -:   85:      template<typename _Tp1>
        -:   86:	_GLIBCXX20_CONSTEXPR
        -:   87:	new_allocator(const new_allocator<_Tp1>&) _GLIBCXX_USE_NOEXCEPT { }
        -:   88:
       1*:   89:      ~new_allocator() _GLIBCXX_USE_NOEXCEPT { }
    %%%%%:   89-block  0
    %%%%%:   89-block  1
    %%%%%:   89-block  2
    %%%%%:   89-block  3
    %%%%%:   89-block  4
call    0 never executed
    %%%%%:   89-block  5
call    1 never executed
    $$$$$:   89-block  6
call    2 never executed
    %%%%%:   89-block  7
call    3 never executed
    %%%%%:   89-block  8
call    4 never executed
    %%%%%:   89-block  9
branch  5 never executed
branch  6 never executed
    %%%%%:   89-block 10
    $$$$$:   89-block 11
    $$$$$:   89-block 12
    $$$$$:   89-block 13
    %%%%%:   89-block 14
branch  7 never executed
branch  8 never executed
    %%%%%:   89-block 15
    %%%%%:   89-block 16
branch  9 never executed
branch 10 never executed
    %%%%%:   89-block 17
    %%%%%:   89-block 18
branch 11 never executed
branch 12 never executed
    %%%%%:   89-block 19
    %%%%%:   89-block 20
branch 13 never executed
branch 14 never executed
    %%%%%:   89-block 21
    %%%%%:   89-block 22
branch 15 never executed
branch 16 never executed
    %%%%%:   89-block 23
    $$$$$:   89-block 24
    $$$$$:   89-block 25
    $$$$$:   89-block 26
    $$$$$:   89-block 27
call   17 never executed
    $$$$$:   89-block 28
    $$$$$:   89-block 29
    $$$$$:   89-block 30
    $$$$$:   89-block 31
call   18 never executed
    $$$$$:   89-block 32
    $$$$$:   89-block 33
    $$$$$:   89-block 34
    $$$$$:   89-block 35
call   19 never executed
    $$$$$:   89-block 36
    $$$$$:   89-block 37
    $$$$$:   89-block 38
    $$$$$:   89-block 39
call   20 never executed
    $$$$$:   89-block 40
    $$$$$:   89-block 41
    $$$$$:   89-block 42
    %%%%%:   89-block 43
call   21 never executed
    %%%%%:   89-block 44
    %%%%%:   89-block 45
    %%%%%:   89-block 46
    %%%%%:   89-block 47
    %%%%%:   89-block 48
    %%%%%:   89-block 49
    %%%%%:   89-block 50
    %%%%%:   89-block 51
    %%%%%:   89-block 52
    %%%%%:   89-block 53
    %%%%%:   89-block 54
    %%%%%:   89-block 55
    %%%%%:   89-block 56
call   22 never executed
branch 23 never executed
branch 24 never executed
    %%%%%:   89-block 57
call   25 never executed
branch 26 never executed
branch 27 never executed
    %%%%%:   89-block 58
call   28 never executed
branch 29 never executed
branch 30 never executed
    %%%%%:   89-block 59
    %%%%%:   89-block 60
call   31 never executed
branch 32 never executed
branch 33 never executed
    %%%%%:   89-block 61
call   34 never executed
branch 35 never executed
branch 36 never executed
    %%%%%:   89-block 62
call   37 never executed
branch 38 never executed
branch 39 never executed
    %%%%%:   89-block 63
    %%%%%:   89-block 64
    %%%%%:   89-block 65
    %%%%%:   89-block 66
    %%%%%:   89-block 67
    %%%%%:   89-block 68
    %%%%%:   89-block 69
    %%%%%:   89-block 70
    %%%%%:   89-block 71
    %%%%%:   89-block 72
    %%%%%:   89-block 73
    %%%%%:   89-block 74
    %%%%%:   89-block 75
    $$$$$:   89-block 76
call   40 never executed
    $$$$$:   89-block 77
    $$$$$:   89-block 78
call   41 never executed
    $$$$$:   89-block 79
    $$$$$:   89-block 80
call   42 never executed
    $$$$$:   89-block 81
    $$$$$:   89-block 82
call   43 never executed
    $$$$$:   89-block 83
    $$$$$:   89-block 84
call   44 never executed
    $$$$$:   89-block 85
    $$$$$:   89-block 86
call   45 never executed
    $$$$$:   89-block 87
    $$$$$:   89-block 88
call   46 never executed
    $$$$$:   89-block 89
    $$$$$:   89-block 90
call   47 never executed
    $$$$$:   89-block 91
    $$$$$:   89-block 92
call   48 never executed
    $$$$$:   89-block 93
    $$$$$:   89-block 94
call   49 never executed
    $$$$$:   89-block 95
    $$$$$:   89-block 96
call   50 never executed
    $$$$$:   89-block 97
    $$$$$:   89-block 98
call   51 never executed
    $$$$$:   89-block 99
    $$$$$:   89-block 100
call   52 never executed
    $$$$$:   89-block 101
    $$$$$:   89-block 102
call   53 never executed
    $$$$$:   89-block 103
    $$$$$:   89-block 104
call   54 never executed
    $$$$$:   89-block 105
    $$$$$:   89-block 106
call   55 never executed
    $$$$$:   89-block 107
    $$$$$:   89-block 108
call   56 never executed
    $$$$$:   89-block 109
    $$$$$:   89-block 110
call   57 never executed
    $$$$$:   89-block 111
    $$$$$:   89-block 112
call   58 never executed
    $$$$$:   89-block 113
    $$$$$:   89-block 114
call   59 never executed
    $$$$$:   89-block 115
    $$$$$:   89-block 116
call   60 never executed
    $$$$$:   89-block 117
    $$$$$:   89-block 118
call   61 never executed
    $$$$$:   89-block 119
    $$$$$:   89-block 120
call   62 never executed
    $$$$$:   89-block 121
    $$$$$:   89-block 122
call   63 never executed
    $$$$$:   89-block 123
    $$$$$:   89-block 124
call   64 never executed
    $$$$$:   89-block 125
    $$$$$:   89-block 126
call   65 never executed
    $$$$$:   89-block 127
    $$$$$:   89-block 128
call   66 never executed
    $$$$$:   89-block 129
    $$$$$:   89-block 130
call   67 never executed
    $$$$$:   89-block 131
    $$$$$:   89-block 132
call   68 never executed
    $$$$$:   89-block 133
    $$$$$:   89-block 134
call   69 never executed
    $$$$$:   89-block 135
    $$$$$:   89-block 136
call   70 never executed
    $$$$$:   89-block 137
    $$$$$:   89-block 138
call   71 never executed
    $$$$$:   89-block 139
    %%%%%:   89-block 140
branch 72 never executed
branch 73 never executed
    %%%%%:   89-block 141
call   74 never executed
    %%%%%:   89-block 142
    %%%%%:   89-block 143
    %%%%%:   89-block 144
    %%%%%:   89-block 145
    %%%%%:   89-block 146
    %%%%%:   89-block 147
    %%%%%:   89-block 148
    %%%%%:   89-block 149
    %%%%%:   89-block 150
    %%%%%:   89-block 151
    %%%%%:   89-block 152
    $$$$$:   89-block 153
    $$$$$:   89-block 154
call   75 never executed
    $$$$$:   89-block 155
    $$$$$:   89-block 156
call   76 never executed
    $$$$$:   89-block 157
    $$$$$:   89-block 158
call   77 never executed
    $$$$$:   89-block 159
    $$$$$:   89-block 160
call   78 never executed
    $$$$$:   89-block 161
call   79 never executed
    $$$$$:   89-block 162
    $$$$$:   89-block 163
call   80 never executed
    $$$$$:   89-block 164
    $$$$$:   89-block 165
call   81 never executed
    $$$$$:   89-block 166
    $$$$$:   89-block 167
call   82 never executed
    $$$$$:   89-block 168
    $$$$$:   89-block 169
call   83 never executed
    $$$$$:   89-block 170
    $$$$$:   89-block 171
call   84 never executed
    $$$$$:   89-block 172
    $$$$$:   89-block 173
call   85 never executed
    $$$$$:   89-block 174
    %%%%%:   89-block 175
    %%%%%:   89-block 176
    %%%%%:   89-block 177
    %%%%%:   89-block 178
branch 86 never executed
branch 87 never executed
    %%%%%:   89-block 179
call   88 never executed
branch 89 never executed
branch 90 never executed
    %%%%%:   89-block 180
call   91 never executed
branch 92 never executed
branch 93 never executed
    %%%%%:   89-block 181
call   94 never executed
branch 95 never executed
branch 96 never executed
    %%%%%:   89-block 182
call   97 never executed
branch 98 never executed
branch 99 never executed
    %%%%%:   89-block 183
branch 100 never executed
branch 101 never executed
    %%%%%:   89-block 184
branch 102 never executed
branch 103 never executed
    %%%%%:   89-block 185
call   104 never executed
branch 105 never executed
branch 106 never executed
    %%%%%:   89-block 186
branch 107 never executed
branch 108 never executed
    %%%%%:   89-block 187
call   109 never executed
branch 110 never executed
branch 111 never executed
    %%%%%:   89-block 188
branch 112 never executed
branch 113 never executed
    %%%%%:   89-block 189
call   114 never executed
    $$$$$:   89-block 190
    $$$$$:   89-block 191
call   115 never executed
    $$$$$:   89-block 192
    $$$$$:   89-block 193
call   116 never executed
    $$$$$:   89-block 194
    $$$$$:   89-block 195
call   117 never executed
    $$$$$:   89-block 196
    $$$$$:   89-block 197
    $$$$$:   89-block 198
    $$$$$:   89-block 199
call   118 never executed
    $$$$$:   89-block 200
    $$$$$:   89-block 201
call   119 never executed
    $$$$$:   89-block 202
    $$$$$:   89-block 203
call   120 never executed
    $$$$$:   89-block 204
    $$$$$:   89-block 205
call   121 never executed
    $$$$$:   89-block 206
    $$$$$:   89-block 207
    $$$$$:   89-block 208
    $$$$$:   89-block 209
    $$$$$:   89-block 210
    $$$$$:   89-block 211
call   122 never executed
    $$$$$:   89-block 212
    $$$$$:   89-block 213
    $$$$$:   89-block 214
    $$$$$:   89-block 215
call   123 never executed
    $$$$$:   89-block 216
    $$$$$:   89-block 217
    $$$$$:   89-block 218
        1:   89-block 219
branch 124 taken 0 (fallthrough)
branch 125 taken 1
        1:   89-block 220
call   126 returned 1
    %%%%%:   89-block 221
branch 127 never executed
branch 128 never executed
    %%%%%:   89-block 222
branch 129 never executed
branch 130 never executed
    %%%%%:   89-block 223
call   131 never executed
branch 132 never executed
branch 133 never executed
    %%%%%:   89-block 224
branch 134 never executed
branch 135 never executed
    %%%%%:   89-block 225
branch 136 never executed
branch 137 never executed
    %%%%%:   89-block 226
call   138 never executed
branch 139 never executed
branch 140 never executed
    %%%%%:   89-block 227
branch 141 never executed
branch 142 never executed
    %%%%%:   89-block 228
branch 143 never executed
branch 144 never executed
    %%%%%:   89-block 229
call   145 never executed
branch 146 never executed
branch 147 never executed
    %%%%%:   89-block 230
branch 148 never executed
branch 149 never executed
    %%%%%:   89-block 231
branch 150 never executed
branch 151 never executed
    %%%%%:   89-block 232
call   152 never executed
branch 153 never executed
branch 154 never executed
    %%%%%:   89-block 233
branch 155 never executed
branch 156 never executed
    %%%%%:   89-block 234
branch 157 never executed
branch 158 never executed
    %%%%%:   89-block 235
call   159 never executed
branch 160 never executed
branch 161 never executed
    %%%%%:   89-block 236
branch 162 never executed
branch 163 never executed
    %%%%%:   89-block 237
branch 164 never executed
branch 165 never executed
    %%%%%:   89-block 238
call   166 never executed
branch 167 never executed
branch 168 never executed
    %%%%%:   89-block 239
branch 169 never executed
branch 170 never executed
    %%%%%:   89-block 240
branch 171 never executed
branch 172 never executed
    %%%%%:   89-block 241
call   173 never executed
branch 174 never executed
branch 175 never executed
    %%%%%:   89-block 242
branch 176 never executed
branch 177 never executed
    %%%%%:   89-block 243
branch 178 never executed
branch 179 never executed
    %%%%%:   89-block 244
call   180 never executed
branch 181 never executed
branch 182 never executed
    %%%%%:   89-block 245
branch 183 never executed
branch 184 never executed
    %%%%%:   89-block 246
branch 185 never executed
branch 186 never executed
    %%%%%:   89-block 247
call   187 never executed
branch 188 never executed
branch 189 never executed
    %%%%%:   89-block 248
branch 190 never executed
branch 191 never executed
    %%%%%:   89-block 249
branch 192 never executed
branch 193 never executed
    %%%%%:   89-block 250
call   194 never executed
branch 195 never executed
branch 196 never executed
    %%%%%:   89-block 251
branch 197 never executed
branch 198 never executed
    %%%%%:   89-block 252
branch 199 never executed
branch 200 never executed
    %%%%%:   89-block 253
call   201 never executed
branch 202 never executed
branch 203 never executed
    %%%%%:   89-block 254
branch 204 never executed
branch 205 never executed
    %%%%%:   89-block 255
branch 206 never executed
branch 207 never executed
    %%%%%:   89-block 256
call   208 never executed
branch 209 never executed
branch 210 never executed
    %%%%%:   89-block 257
branch 211 never executed
branch 212 never executed
    %%%%%:   89-block 258
branch 213 never executed
branch 214 never executed
    %%%%%:   89-block 259
call   215 never executed
branch 216 never executed
branch 217 never executed
    %%%%%:   89-block 260
branch 218 never executed
branch 219 never executed
    %%%%%:   89-block 261
branch 220 never executed
branch 221 never executed
    %%%%%:   89-block 262
call   222 never executed
branch 223 never executed
branch 224 never executed
    %%%%%:   89-block 263
branch 225 never executed
branch 226 never executed
    %%%%%:   89-block 264
branch 227 never executed
branch 228 never executed
    %%%%%:   89-block 265
call   229 never executed
branch 230 never executed
branch 231 never executed
    %%%%%:   89-block 266
branch 232 never executed
branch 233 never executed
    %%%%%:   89-block 267
branch 234 never executed
branch 235 never executed
    %%%%%:   89-block 268
call   236 never executed
branch 237 never executed
branch 238 never executed
    %%%%%:   89-block 269
branch 239 never executed
branch 240 never executed
    %%%%%:   89-block 270
branch 241 never executed
branch 242 never executed
    %%%%%:   89-block 271
call   243 never executed
branch 244 never executed
branch 245 never executed
    %%%%%:   89-block 272
branch 246 never executed
branch 247 never executed
    %%%%%:   89-block 273
branch 248 never executed
branch 249 never executed
    %%%%%:   89-block 274
call   250 never executed
branch 251 never executed
branch 252 never executed
    %%%%%:   89-block 275
branch 253 never executed
branch 254 never executed
    %%%%%:   89-block 276
branch 255 never executed
branch 256 never executed
    %%%%%:   89-block 277
call   257 never executed
branch 258 never executed
branch 259 never executed
    %%%%%:   89-block 278
branch 260 never executed
branch 261 never executed
    %%%%%:   89-block 279
branch 262 never executed
branch 263 never executed
    %%%%%:   89-block 280
    $$$$$:   89-block 281
    $$$$$:   89-block 282
    $$$$$:   89-block 283
    $$$$$:   89-block 284
    $$$$$:   89-block 285
    $$$$$:   89-block 286
    $$$$$:   89-block 287
    $$$$$:   89-block 288
    $$$$$:   89-block 289
    $$$$$:   89-block 290
    $$$$$:   89-block 291
    $$$$$:   89-block 292
    $$$$$:   89-block 293
    $$$$$:   89-block 294
    $$$$$:   89-block 295
    $$$$$:   89-block 296
    $$$$$:   89-block 297
    $$$$$:   89-block 298
    $$$$$:   89-block 299
    $$$$$:   89-block 300
    $$$$$:   89-block 301
    $$$$$:   89-block 302
    $$$$$:   89-block 303
    $$$$$:   89-block 304
    $$$$$:   89-block 305
    $$$$$:   89-block 306
    $$$$$:   89-block 307
    $$$$$:   89-block 308
    $$$$$:   89-block 309
    $$$$$:   89-block 310
    $$$$$:   89-block 311
    $$$$$:   89-block 312
    $$$$$:   89-block 313
    $$$$$:   89-block 314
    $$$$$:   89-block 315
    $$$$$:   89-block 316
    $$$$$:   89-block 317
    $$$$$:   89-block 318
    $$$$$:   89-block 319
    $$$$$:   89-block 320
    $$$$$:   89-block 321
    $$$$$:   89-block 322
    $$$$$:   89-block 323
    $$$$$:   89-block 324
    $$$$$:   89-block 325
    $$$$$:   89-block 326
    $$$$$:   89-block 327
    $$$$$:   89-block 328
    $$$$$:   89-block 329
    $$$$$:   89-block 330
    $$$$$:   89-block 331
    $$$$$:   89-block 332
    $$$$$:   89-block 333
    $$$$$:   89-block 334
    $$$$$:   89-block 335
    $$$$$:   89-block 336
    $$$$$:   89-block 337
    $$$$$:   89-block 338
    $$$$$:   89-block 339
    $$$$$:   89-block 340
    $$$$$:   89-block 341
    $$$$$:   89-block 342
    $$$$$:   89-block 343
    $$$$$:   89-block 344
    $$$$$:   89-block 345
    $$$$$:   89-block 346
    $$$$$:   89-block 347
    $$$$$:   89-block 348
    $$$$$:   89-block 349
    $$$$$:   89-block 350
    $$$$$:   89-block 351
    $$$$$:   89-block 352
    $$$$$:   89-block 353
    $$$$$:   89-block 354
    $$$$$:   89-block 355
    $$$$$:   89-block 356
    $$$$$:   89-block 357
    $$$$$:   89-block 358
    $$$$$:   89-block 359
    $$$$$:   89-block 360
    $$$$$:   89-block 361
    $$$$$:   89-block 362
    $$$$$:   89-block 363
    $$$$$:   89-block 364
    $$$$$:   89-block 365
    $$$$$:   89-block 366
    $$$$$:   89-block 367
    $$$$$:   89-block 368
    $$$$$:   89-block 369
    $$$$$:   89-block 370
    $$$$$:   89-block 371
    $$$$$:   89-block 372
    $$$$$:   89-block 373
    $$$$$:   89-block 374
    $$$$$:   89-block 375
    $$$$$:   89-block 376
    $$$$$:   89-block 377
    $$$$$:   89-block 378
    $$$$$:   89-block 379
    $$$$$:   89-block 380
    $$$$$:   89-block 381
    $$$$$:   89-block 382
    $$$$$:   89-block 383
        -:   90:
        -:   91:      pointer
        -:   92:      address(reference __x) const _GLIBCXX_NOEXCEPT
        -:   93:      { return std::__addressof(__x); }
        -:   94:
        -:   95:      const_pointer
        -:   96:      address(const_reference __x) const _GLIBCXX_NOEXCEPT
        -:   97:      { return std::__addressof(__x); }
        -:   98:
        -:   99:      // NB: __n is permitted to be 0.  The C++ standard says nothing
        -:  100:      // about what the return value is when __n == 0.
        -:  101:      _GLIBCXX_NODISCARD pointer
    #####:  102:      allocate(size_type __n, const void* = static_cast<const void*>(0))
        -:  103:      {
    #####:  104:	if (__n > this->max_size())
    #####:  105:	  std::__throw_bad_alloc();
    %%%%%:  105-block  0
call    0 never executed
        -:  106:
        -:  107:#if __cpp_aligned_new
        -:  108:	if (alignof(_Tp) > __STDCPP_DEFAULT_NEW_ALIGNMENT__)
        -:  109:	  {
        -:  110:	    std::align_val_t __al = std::align_val_t(alignof(_Tp));
        -:  111:	    return static_cast<_Tp*>(::operator new(__n * sizeof(_Tp), __al));
        -:  112:	  }
        -:  113:#endif
    #####:  114:	return static_cast<_Tp*>(::operator new(__n * sizeof(_Tp)));
    %%%%%:  114-block  0
call    0 never executed
        -:  115:      }
        -:  116:
        -:  117:      // __p is not permitted to be a null pointer.
        -:  118:      void
       1*:  119:      deallocate(pointer __p, size_type)
        -:  120:      {
        -:  121:#if __cpp_aligned_new
        -:  122:	if (alignof(_Tp) > __STDCPP_DEFAULT_NEW_ALIGNMENT__)
        -:  123:	  {
        -:  124:	    ::operator delete(__p, std::align_val_t(alignof(_Tp)));
        -:  125:	    return;
        -:  126:	  }
        -:  127:#endif
       1*:  128:	::operator delete(__p);
    %%%%%:  128-block  0
call    0 never executed
    %%%%%:  128-block  1
call    1 never executed
    %%%%%:  128-block  2
call    2 never executed
    %%%%%:  128-block  3
call    3 never executed
    %%%%%:  128-block  4
call    4 never executed
    %%%%%:  128-block  5
call    5 never executed
    %%%%%:  128-block  6
call    6 never executed
    %%%%%:  128-block  7
call    7 never executed
    %%%%%:  128-block  8
call    8 never executed
    %%%%%:  128-block  9
call    9 never executed
    %%%%%:  128-block 10
call   10 never executed
    $$$$$:  128-block 11
call   11 never executed
    $$$$$:  128-block 12
call   12 never executed
    %%%%%:  128-block 13
call   13 never executed
    $$$$$:  128-block 14
call   14 never executed
    %%%%%:  128-block 15
call   15 never executed
    $$$$$:  128-block 16
call   16 never executed
    %%%%%:  128-block 17
call   17 never executed
    %%%%%:  128-block 18
call   18 never executed
    $$$$$:  128-block 19
call   19 never executed
    $$$$$:  128-block 20
call   20 never executed
    %%%%%:  128-block 21
call   21 never executed
    %%%%%:  128-block 22
call   22 never executed
    %%%%%:  128-block 23
call   23 never executed
    %%%%%:  128-block 24
call   24 never executed
    %%%%%:  128-block 25
call   25 never executed
    %%%%%:  128-block 26
call   26 never executed
    %%%%%:  128-block 27
call   27 never executed
    %%%%%:  128-block 28
call   28 never executed
    %%%%%:  128-block 29
call   29 never executed
    %%%%%:  128-block 30
call   30 never executed
    $$$$$:  128-block 31
call   31 never executed
    $$$$$:  128-block 32
call   32 never executed
    $$$$$:  128-block 33
call   33 never executed
    $$$$$:  128-block 34
call   34 never executed
    $$$$$:  128-block 35
call   35 never executed
    $$$$$:  128-block 36
call   36 never executed
    $$$$$:  128-block 37
call   37 never executed
    $$$$$:  128-block 38
call   38 never executed
    $$$$$:  128-block 39
call   39 never executed
    $$$$$:  128-block 40
call   40 never executed
    %%%%%:  128-block 41
call   41 never executed
    %%%%%:  128-block 42
call   42 never executed
    %%%%%:  128-block 43
call   43 never executed
    %%%%%:  128-block 44
call   44 never executed
    %%%%%:  128-block 45
call   45 never executed
    %%%%%:  128-block 46
call   46 never executed
    %%%%%:  128-block 47
call   47 never executed
    %%%%%:  128-block 48
call   48 never executed
    %%%%%:  128-block 49
call   49 never executed
    %%%%%:  128-block 50
call   50 never executed
    %%%%%:  128-block 51
call   51 never executed
    %%%%%:  128-block 52
call   52 never executed
    %%%%%:  128-block 53
call   53 never executed
    %%%%%:  128-block 54
call   54 never executed
    %%%%%:  128-block 55
call   55 never executed
    %%%%%:  128-block 56
call   56 never executed
    %%%%%:  128-block 57
call   57 never executed
    %%%%%:  128-block 58
call   58 never executed
    %%%%%:  128-block 59
call   59 never executed
    %%%%%:  128-block 60
call   60 never executed
    %%%%%:  128-block 61
call   61 never executed
    %%%%%:  128-block 62
call   62 never executed
    %%%%%:  128-block 63
call   63 never executed
    %%%%%:  128-block 64
call   64 never executed
    %%%%%:  128-block 65
call   65 never executed
    %%%%%:  128-block 66
call   66 never executed
    %%%%%:  128-block 67
call   67 never executed
    %%%%%:  128-block 68
call   68 never executed
    %%%%%:  128-block 69
call   69 never executed
    %%%%%:  128-block 70
call   70 never executed
    %%%%%:  128-block 71
call   71 never executed
    %%%%%:  128-block 72
call   72 never executed
    %%%%%:  128-block 73
call   73 never executed
    $$$$$:  128-block 74
call   74 never executed
    $$$$$:  128-block 75
call   75 never executed
    $$$$$:  128-block 76
call   76 never executed
    $$$$$:  128-block 77
call   77 never executed
    $$$$$:  128-block 78
call   78 never executed
    $$$$$:  128-block 79
call   79 never executed
    $$$$$:  128-block 80
call   80 never executed
    $$$$$:  128-block 81
call   81 never executed
    $$$$$:  128-block 82
call   82 never executed
    $$$$$:  128-block 83
call   83 never executed
    $$$$$:  128-block 84
call   84 never executed
    $$$$$:  128-block 85
call   85 never executed
    $$$$$:  128-block 86
call   86 never executed
    $$$$$:  128-block 87
call   87 never executed
    $$$$$:  128-block 88
call   88 never executed
    $$$$$:  128-block 89
call   89 never executed
    $$$$$:  128-block 90
call   90 never executed
    $$$$$:  128-block 91
call   91 never executed
    $$$$$:  128-block 92
call   92 never executed
    $$$$$:  128-block 93
call   93 never executed
    $$$$$:  128-block 94
call   94 never executed
    $$$$$:  128-block 95
call   95 never executed
    $$$$$:  128-block 96
call   96 never executed
    $$$$$:  128-block 97
call   97 never executed
    $$$$$:  128-block 98
call   98 never executed
    $$$$$:  128-block 99
call   99 never executed
    $$$$$:  128-block 100
call   100 never executed
    $$$$$:  128-block 101
call   101 never executed
    $$$$$:  128-block 102
call   102 never executed
    $$$$$:  128-block 103
call   103 never executed
    $$$$$:  128-block 104
call   104 never executed
    $$$$$:  128-block 105
call   105 never executed
    $$$$$:  128-block 106
call   106 never executed
    %%%%%:  128-block 107
call   107 never executed
    %%%%%:  128-block 108
call   108 never executed
    %%%%%:  128-block 109
call   109 never executed
    %%%%%:  128-block 110
call   110 never executed
    %%%%%:  128-block 111
call   111 never executed
    %%%%%:  128-block 112
call   112 never executed
    %%%%%:  128-block 113
call   113 never executed
    %%%%%:  128-block 114
call   114 never executed
    %%%%%:  128-block 115
call   115 never executed
    %%%%%:  128-block 116
call   116 never executed
    %%%%%:  128-block 117
call   117 never executed
    %%%%%:  128-block 118
call   118 never executed
    %%%%%:  128-block 119
call   119 never executed
    $$$$$:  128-block 120
call   120 never executed
    $$$$$:  128-block 121
call   121 never executed
    $$$$$:  128-block 122
call   122 never executed
    $$$$$:  128-block 123
call   123 never executed
    $$$$$:  128-block 124
call   124 never executed
    $$$$$:  128-block 125
call   125 never executed
    $$$$$:  128-block 126
call   126 never executed
    $$$$$:  128-block 127
call   127 never executed
    $$$$$:  128-block 128
call   128 never executed
    $$$$$:  128-block 129
call   129 never executed
    $$$$$:  128-block 130
call   130 never executed
    $$$$$:  128-block 131
call   131 never executed
    %%%%%:  128-block 132
call   132 never executed
    %%%%%:  128-block 133
call   133 never executed
    %%%%%:  128-block 134
call   134 never executed
    %%%%%:  128-block 135
call   135 never executed
    %%%%%:  128-block 136
call   136 never executed
    %%%%%:  128-block 137
call   137 never executed
    %%%%%:  128-block 138
call   138 never executed
    %%%%%:  128-block 139
call   139 never executed
    %%%%%:  128-block 140
call   140 never executed
    %%%%%:  128-block 141
call   141 never executed
    %%%%%:  128-block 142
call   142 never executed
    %%%%%:  128-block 143
call   143 never executed
    %%%%%:  128-block 144
call   144 never executed
    %%%%%:  128-block 145
call   145 never executed
    $$$$$:  128-block 146
call   146 never executed
    $$$$$:  128-block 147
call   147 never executed
    $$$$$:  128-block 148
call   148 never executed
    $$$$$:  128-block 149
call   149 never executed
    $$$$$:  128-block 150
call   150 never executed
    $$$$$:  128-block 151
call   151 never executed
    $$$$$:  128-block 152
call   152 never executed
    $$$$$:  128-block 153
call   153 never executed
    $$$$$:  128-block 154
call   154 never executed
    $$$$$:  128-block 155
call   155 never executed
    $$$$$:  128-block 156
call   156 never executed
    $$$$$:  128-block 157
call   157 never executed
    $$$$$:  128-block 158
call   158 never executed
    $$$$$:  128-block 159
call   159 never executed
        1:  128-block 160
call   160 returned 1
    %%%%%:  128-block 161
call   161 never executed
    %%%%%:  128-block 162
call   162 never executed
    %%%%%:  128-block 163
call   163 never executed
    %%%%%:  128-block 164
call   164 never executed
    %%%%%:  128-block 165
call   165 never executed
    %%%%%:  128-block 166
call   166 never executed
    %%%%%:  128-block 167
call   167 never executed
    %%%%%:  128-block 168
call   168 never executed
    %%%%%:  128-block 169
call   169 never executed
    %%%%%:  128-block 170
call   170 never executed
    %%%%%:  128-block 171
call   171 never executed
    %%%%%:  128-block 172
call   172 never executed
    %%%%%:  128-block 173
call   173 never executed
    %%%%%:  128-block 174
call   174 never executed
    %%%%%:  128-block 175
call   175 never executed
    %%%%%:  128-block 176
call   176 never executed
    %%%%%:  128-block 177
call   177 never executed
    %%%%%:  128-block 178
call   178 never executed
    %%%%%:  128-block 179
call   179 never executed
    %%%%%:  128-block 180
call   180 never executed
    %%%%%:  128-block 181
call   181 never executed
    %%%%%:  128-block 182
call   182 never executed
    %%%%%:  128-block 183
call   183 never executed
    %%%%%:  128-block 184
call   184 never executed
    %%%%%:  128-block 185
call   185 never executed
    %%%%%:  128-block 186
call   186 never executed
    %%%%%:  128-block 187
call   187 never executed
    %%%%%:  128-block 188
call   188 never executed
    %%%%%:  128-block 189
call   189 never executed
    %%%%%:  128-block 190
call   190 never executed
    %%%%%:  128-block 191
call   191 never executed
    %%%%%:  128-block 192
call   192 never executed
    %%%%%:  128-block 193
call   193 never executed
    %%%%%:  128-block 194
call   194 never executed
    %%%%%:  128-block 195
call   195 never executed
    %%%%%:  128-block 196
call   196 never executed
    %%%%%:  128-block 197
call   197 never executed
    %%%%%:  128-block 198
call   198 never executed
    %%%%%:  128-block 199
call   199 never executed
    %%%%%:  128-block 200
call   200 never executed
    %%%%%:  128-block 201
call   201 never executed
    %%%%%:  128-block 202
call   202 never executed
    %%%%%:  128-block 203
call   203 never executed
    %%%%%:  128-block 204
call   204 never executed
    %%%%%:  128-block 205
call   205 never executed
    %%%%%:  128-block 206
call   206 never executed
    %%%%%:  128-block 207
call   207 never executed
    %%%%%:  128-block 208
call   208 never executed
    %%%%%:  128-block 209
call   209 never executed
    %%%%%:  128-block 210
call   210 never executed
    %%%%%:  128-block 211
call   211 never executed
    %%%%%:  128-block 212
call   212 never executed
    %%%%%:  128-block 213
call   213 never executed
    %%%%%:  128-block 214
call   214 never executed
    %%%%%:  128-block 215
call   215 never executed
    %%%%%:  128-block 216
call   216 never executed
    %%%%%:  128-block 217
call   217 never executed
    %%%%%:  128-block 218
call   218 never executed
    %%%%%:  128-block 219
call   219 never executed
    %%%%%:  128-block 220
call   220 never executed
    %%%%%:  128-block 221
call   221 never executed
    $$$$$:  128-block 222
call   222 never executed
    $$$$$:  128-block 223
call   223 never executed
    $$$$$:  128-block 224
call   224 never executed
    $$$$$:  128-block 225
call   225 never executed
    $$$$$:  128-block 226
call   226 never executed
    $$$$$:  128-block 227
call   227 never executed
    $$$$$:  128-block 228
call   228 never executed
    $$$$$:  128-block 229
call   229 never executed
    $$$$$:  128-block 230
call   230 never executed
    $$$$$:  128-block 231
call   231 never executed
    $$$$$:  128-block 232
call   232 never executed
    $$$$$:  128-block 233
call   233 never executed
    $$$$$:  128-block 234
call   234 never executed
    $$$$$:  128-block 235
call   235 never executed
    $$$$$:  128-block 236
call   236 never executed
    $$$$$:  128-block 237
call   237 never executed
    $$$$$:  128-block 238
call   238 never executed
    $$$$$:  128-block 239
call   239 never executed
    $$$$$:  128-block 240
call   240 never executed
    $$$$$:  128-block 241
call   241 never executed
    $$$$$:  128-block 242
call   242 never executed
    $$$$$:  128-block 243
call   243 never executed
    $$$$$:  128-block 244
call   244 never executed
    $$$$$:  128-block 245
call   245 never executed
    $$$$$:  128-block 246
call   246 never executed
    $$$$$:  128-block 247
call   247 never executed
    $$$$$:  128-block 248
call   248 never executed
    $$$$$:  128-block 249
call   249 never executed
    $$$$$:  128-block 250
call   250 never executed
    $$$$$:  128-block 251
call   251 never executed
    $$$$$:  128-block 252
call   252 never executed
    $$$$$:  128-block 253
call   253 never executed
    $$$$$:  128-block 254
call   254 never executed
    $$$$$:  128-block 255
call   255 never executed
    $$$$$:  128-block 256
call   256 never executed
    $$$$$:  128-block 257
call   257 never executed
    $$$$$:  128-block 258
call   258 never executed
    $$$$$:  128-block 259
call   259 never executed
    $$$$$:  128-block 260
call   260 never executed
    $$$$$:  128-block 261
call   261 never executed
    $$$$$:  128-block 262
call   262 never executed
    $$$$$:  128-block 263
call   263 never executed
    $$$$$:  128-block 264
call   264 never executed
    $$$$$:  128-block 265
call   265 never executed
    $$$$$:  128-block 266
call   266 never executed
    $$$$$:  128-block 267
call   267 never executed
    $$$$$:  128-block 268
call   268 never executed
    $$$$$:  128-block 269
call   269 never executed
    $$$$$:  128-block 270
call   270 never executed
    $$$$$:  128-block 271
call   271 never executed
    $$$$$:  128-block 272
call   272 never executed
    $$$$$:  128-block 273
call   273 never executed
    $$$$$:  128-block 274
call   274 never executed
    $$$$$:  128-block 275
call   275 never executed
    $$$$$:  128-block 276
call   276 never executed
    $$$$$:  128-block 277
call   277 never executed
    $$$$$:  128-block 278
call   278 never executed
    $$$$$:  128-block 279
call   279 never executed
    $$$$$:  128-block 280
call   280 never executed
    $$$$$:  128-block 281
call   281 never executed
    $$$$$:  128-block 282
call   282 never executed
    $$$$$:  128-block 283
call   283 never executed
    $$$$$:  128-block 284
call   284 never executed
        -:  129:      }
        -:  130:
        -:  131:      size_type
       1*:  132:      max_size() const _GLIBCXX_USE_NOEXCEPT
    %%%%%:  132-block  0
branch  0 never executed
branch  1 never executed
    %%%%%:  132-block  1
branch  2 never executed
branch  3 never executed
    %%%%%:  132-block  2
    %%%%%:  132-block  3
branch  4 never executed
branch  5 never executed
        1:  132-block  4
branch  6 taken 0 (fallthrough)
branch  7 taken 1
        -:  133:      {
        -:  134:#if __PTRDIFF_MAX__ < __SIZE_MAX__
        -:  135:	return size_t(__PTRDIFF_MAX__) / sizeof(_Tp);
        -:  136:#else
        -:  137:	return size_t(-1) / sizeof(_Tp);
        -:  138:#endif
        -:  139:      }
        -:  140:
        -:  141:#if __cplusplus >= 201103L
        -:  142:      template<typename _Up, typename... _Args>
        -:  143:	void
        -:  144:	construct(_Up* __p, _Args&&... __args)
        -:  145:	noexcept(std::is_nothrow_constructible<_Up, _Args...>::value)
        -:  146:	{ ::new((void *)__p) _Up(std::forward<_Args>(__args)...); }
        -:  147:
        -:  148:      template<typename _Up>
        -:  149:	void
        -:  150:	destroy(_Up* __p)
        -:  151:	noexcept(std::is_nothrow_destructible<_Up>::value)
        -:  152:	{ __p->~_Up(); }
        -:  153:#else
        -:  154:      // _GLIBCXX_RESOLVE_LIB_DEFECTS
        -:  155:      // 402. wrong new expression in [some_] allocator::construct
        -:  156:      void
        -:  157:      construct(pointer __p, const _Tp& __val)
        -:  158:      { ::new((void *)__p) _Tp(__val); }
        -:  159:
        -:  160:      void
        -:  161:      destroy(pointer __p) { __p->~_Tp(); }
        -:  162:#endif
        -:  163:
        -:  164:      template<typename _Up>
        -:  165:	friend bool
        -:  166:	operator==(const new_allocator&, const new_allocator<_Up>&)
        -:  167:	_GLIBCXX_NOTHROW
        -:  168:	{ return true; }
        -:  169:
        -:  170:      template<typename _Up>
        -:  171:	friend bool
        -:  172:	operator!=(const new_allocator&, const new_allocator<_Up>&)
        -:  173:	_GLIBCXX_NOTHROW
        -:  174:	{ return false; }
        -:  175:    };
        -:  176:
        -:  177:_GLIBCXX_END_NAMESPACE_VERSION
        -:  178:} // namespace
        -:  179:
        -:  180:#endif
