        -:    0:Source:/usr/include/c++/9/bits/allocator.h
        -:    0:Graph:/home/daniel/Projects/C++/Natrix/cmake-build-debug-coverage/CMakeFiles/Natrix.dir/src/Natrix.cpp.gcno
        -:    0:Data:/home/daniel/Projects/C++/Natrix/cmake-build-debug-coverage/CMakeFiles/Natrix.dir/src/Natrix.cpp.gcda
        -:    0:Runs:1
        -:    1:// Allocators -*- C++ -*-
        -:    2:
        -:    3:// Copyright (C) 2001-2019 Free Software Foundation, Inc.
        -:    4://
        -:    5:// This file is part of the GNU ISO C++ Library.  This library is free
        -:    6:// software; you can redistribute it and/or modify it under the
        -:    7:// terms of the GNU General Public License as published by the
        -:    8:// Free Software Foundation; either version 3, or (at your option)
        -:    9:// any later version.
        -:   10:
        -:   11:// This library is distributed in the hope that it will be useful,
        -:   12:// but WITHOUT ANY WARRANTY; without even the implied warranty of
        -:   13:// MERCHANTABILITY or FITNESS FOR A PARTICULAR PURPOSE.  See the
        -:   14:// GNU General Public License for more details.
        -:   15:
        -:   16:// Under Section 7 of GPL version 3, you are granted additional
        -:   17:// permissions described in the GCC Runtime Library Exception, version
        -:   18:// 3.1, as published by the Free Software Foundation.
        -:   19:
        -:   20:// You should have received a copy of the GNU General Public License and
        -:   21:// a copy of the GCC Runtime Library Exception along with this program;
        -:   22:// see the files COPYING3 and COPYING.RUNTIME respectively.  If not, see
        -:   23:// <http://www.gnu.org/licenses/>.
        -:   24:
        -:   25:/*
        -:   26: * Copyright (c) 1996-1997
        -:   27: * Silicon Graphics Computer Systems, Inc.
        -:   28: *
        -:   29: * Permission to use, copy, modify, distribute and sell this software
        -:   30: * and its documentation for any purpose is hereby granted without fee,
        -:   31: * provided that the above copyright notice appear in all copies and
        -:   32: * that both that copyright notice and this permission notice appear
        -:   33: * in supporting documentation.  Silicon Graphics makes no
        -:   34: * representations about the suitability of this software for any
        -:   35: * purpose.  It is provided "as is" without express or implied warranty.
        -:   36: */
        -:   37:
        -:   38:/** @file bits/allocator.h
        -:   39: *  This is an internal header file, included by other library headers.
        -:   40: *  Do not attempt to use it directly. @headername{memory}
        -:   41: */
        -:   42:
        -:   43:#ifndef _ALLOCATOR_H
        -:   44:#define _ALLOCATOR_H 1
        -:   45:
        -:   46:#include <bits/c++allocator.h> // Define the base class to std::allocator.
        -:   47:#include <bits/memoryfwd.h>
        -:   48:#if __cplusplus >= 201103L
        -:   49:#include <type_traits>
        -:   50:#endif
        -:   51:
        -:   52:#define __cpp_lib_incomplete_container_elements 201505
        -:   53:#if __cplusplus >= 201103L
        -:   54:# define __cpp_lib_allocator_is_always_equal 201411
        -:   55:#endif
        -:   56:
        -:   57:namespace std _GLIBCXX_VISIBILITY(default)
        -:   58:{
        -:   59:_GLIBCXX_BEGIN_NAMESPACE_VERSION
        -:   60:
        -:   61:  /**
        -:   62:   *  @addtogroup allocators
        -:   63:   *  @{
        -:   64:   */
        -:   65:
        -:   66:  /// allocator<void> specialization.
        -:   67:  template<>
        -:   68:    class allocator<void>
        -:   69:    {
        -:   70:    public:
        -:   71:      typedef size_t      size_type;
        -:   72:      typedef ptrdiff_t   difference_type;
        -:   73:      typedef void*       pointer;
        -:   74:      typedef const void* const_pointer;
        -:   75:      typedef void        value_type;
        -:   76:
        -:   77:      template<typename _Tp1>
        -:   78:	struct rebind
        -:   79:	{ typedef allocator<_Tp1> other; };
        -:   80:
        -:   81:#if __cplusplus >= 201103L
        -:   82:      // _GLIBCXX_RESOLVE_LIB_DEFECTS
        -:   83:      // 2103. std::allocator propagate_on_container_move_assignment
        -:   84:      typedef true_type propagate_on_container_move_assignment;
        -:   85:
        -:   86:      typedef true_type is_always_equal;
        -:   87:
        -:   88:      template<typename _Up, typename... _Args>
        -:   89:	void
        -:   90:	construct(_Up* __p, _Args&&... __args)
        -:   91:	noexcept(std::is_nothrow_constructible<_Up, _Args...>::value)
        -:   92:	{ ::new((void *)__p) _Up(std::forward<_Args>(__args)...); }
        -:   93:
        -:   94:      template<typename _Up>
        -:   95:	void
        -:   96:	destroy(_Up* __p)
        -:   97:	noexcept(std::is_nothrow_destructible<_Up>::value)
        -:   98:	{ __p->~_Up(); }
        -:   99:#endif
        -:  100:    };
        -:  101:
        -:  102:  /**
        -:  103:   * @brief  The @a standard allocator, as per [20.4].
        -:  104:   *
        -:  105:   *  See https://gcc.gnu.org/onlinedocs/libstdc++/manual/memory.html#std.util.memory.allocator
        -:  106:   *  for further details.
        -:  107:   *
        -:  108:   *  @tparam  _Tp  Type of allocated object.
        -:  109:   */
        -:  110:  template<typename _Tp>
        -:  111:    class allocator : public __allocator_base<_Tp>
        -:  112:    {
        -:  113:   public:
        -:  114:      typedef size_t     size_type;
        -:  115:      typedef ptrdiff_t  difference_type;
        -:  116:      typedef _Tp*       pointer;
        -:  117:      typedef const _Tp* const_pointer;
        -:  118:      typedef _Tp&       reference;
        -:  119:      typedef const _Tp& const_reference;
        -:  120:      typedef _Tp        value_type;
        -:  121:
        -:  122:      template<typename _Tp1>
        -:  123:	struct rebind
        -:  124:	{ typedef allocator<_Tp1> other; };
        -:  125:
        -:  126:#if __cplusplus >= 201103L
        -:  127:      // _GLIBCXX_RESOLVE_LIB_DEFECTS
        -:  128:      // 2103. std::allocator propagate_on_container_move_assignment
        -:  129:      typedef true_type propagate_on_container_move_assignment;
        -:  130:
        -:  131:      typedef true_type is_always_equal;
        -:  132:#endif
        -:  133:
        -:  134:      // _GLIBCXX_RESOLVE_LIB_DEFECTS
        -:  135:      // 3035. std::allocator's constructors should be constexpr
        -:  136:      _GLIBCXX20_CONSTEXPR
       1*:  137:      allocator() _GLIBCXX_NOTHROW { }
call    0 never executed
branch  1 never executed
branch  2 never executed
    %%%%%:  137-block  0
call    3 never executed
branch  4 never executed
branch  5 never executed
    %%%%%:  137-block  1
call    6 never executed
branch  7 never executed
branch  8 never executed
    %%%%%:  137-block  2
call    9 never executed
branch 10 never executed
branch 11 never executed
    %%%%%:  137-block  3
call   12 never executed
branch 13 never executed
branch 14 never executed
    %%%%%:  137-block  4
call   15 never executed
branch 16 never executed
branch 17 never executed
    %%%%%:  137-block  5
call   18 never executed
branch 19 never executed
branch 20 never executed
    %%%%%:  137-block  6
call   21 never executed
branch 22 never executed
branch 23 never executed
    %%%%%:  137-block  7
call   24 never executed
branch 25 never executed
branch 26 never executed
    %%%%%:  137-block  8
call   27 never executed
branch 28 never executed
branch 29 never executed
    %%%%%:  137-block  9
call   30 never executed
branch 31 never executed
branch 32 never executed
    %%%%%:  137-block 10
call   33 never executed
branch 34 never executed
branch 35 never executed
    %%%%%:  137-block 11
call   36 never executed
branch 37 never executed
branch 38 never executed
    %%%%%:  137-block 12
call   39 never executed
branch 40 never executed
branch 41 never executed
    %%%%%:  137-block 13
call   42 never executed
branch 43 never executed
branch 44 never executed
    %%%%%:  137-block 14
call   45 never executed
branch 46 never executed
branch 47 never executed
    %%%%%:  137-block 15
call   48 never executed
branch 49 never executed
branch 50 never executed
    %%%%%:  137-block 16
call   51 never executed
branch 52 never executed
branch 53 never executed
    %%%%%:  137-block 17
call   54 never executed
branch 55 never executed
branch 56 never executed
    %%%%%:  137-block 18
call   57 never executed
branch 58 never executed
branch 59 never executed
    %%%%%:  137-block 19
call   60 never executed
branch 61 never executed
branch 62 never executed
    %%%%%:  137-block 20
call   63 never executed
branch 64 never executed
branch 65 never executed
    %%%%%:  137-block 21
call   66 never executed
branch 67 never executed
branch 68 never executed
    %%%%%:  137-block 22
call   69 never executed
branch 70 never executed
branch 71 never executed
    %%%%%:  137-block 23
call   72 never executed
branch 73 never executed
branch 74 never executed
    %%%%%:  137-block 24
call   75 never executed
branch 76 never executed
branch 77 never executed
    %%%%%:  137-block 25
call   78 never executed
branch 79 never executed
branch 80 never executed
    %%%%%:  137-block 26
call   81 never executed
branch 82 never executed
branch 83 never executed
    %%%%%:  137-block 27
call   84 never executed
branch 85 never executed
branch 86 never executed
    %%%%%:  137-block 28
call   87 never executed
branch 88 never executed
branch 89 never executed
    %%%%%:  137-block 29
call   90 never executed
branch 91 never executed
branch 92 never executed
    %%%%%:  137-block 30
call   93 never executed
branch 94 never executed
branch 95 never executed
    %%%%%:  137-block 31
call   96 never executed
branch 97 never executed
branch 98 never executed
    %%%%%:  137-block 32
call   99 never executed
branch 100 never executed
branch 101 never executed
    %%%%%:  137-block 33
call   102 never executed
branch 103 never executed
branch 104 never executed
    %%%%%:  137-block 34
call   105 never executed
branch 106 never executed
branch 107 never executed
    %%%%%:  137-block 35
call   108 never executed
branch 109 never executed
branch 110 never executed
    %%%%%:  137-block 36
call   111 never executed
branch 112 never executed
branch 113 never executed
    %%%%%:  137-block 37
call   114 never executed
branch 115 never executed
branch 116 never executed
    %%%%%:  137-block 38
call   117 never executed
branch 118 never executed
branch 119 never executed
    %%%%%:  137-block 39
call   120 never executed
branch 121 never executed
branch 122 never executed
    %%%%%:  137-block 40
call   123 never executed
branch 124 never executed
branch 125 never executed
    %%%%%:  137-block 41
call   126 never executed
branch 127 never executed
branch 128 never executed
    %%%%%:  137-block 42
call   129 never executed
branch 130 never executed
branch 131 never executed
    %%%%%:  137-block 43
call   132 never executed
branch 133 never executed
branch 134 never executed
    %%%%%:  137-block 44
call   135 never executed
branch 136 never executed
branch 137 never executed
    %%%%%:  137-block 45
call   138 never executed
branch 139 never executed
branch 140 never executed
    %%%%%:  137-block 46
call   141 never executed
branch 142 never executed
branch 143 never executed
    %%%%%:  137-block 47
call   144 never executed
branch 145 never executed
branch 146 never executed
    %%%%%:  137-block 48
call   147 never executed
branch 148 never executed
branch 149 never executed
    %%%%%:  137-block 49
call   150 never executed
branch 151 never executed
branch 152 never executed
    %%%%%:  137-block 50
call   153 never executed
branch 154 never executed
branch 155 never executed
    %%%%%:  137-block 51
call   156 never executed
branch 157 never executed
branch 158 never executed
    %%%%%:  137-block 52
call   159 never executed
branch 160 never executed
branch 161 never executed
call   162 never executed
branch 163 never executed
branch 164 never executed
    %%%%%:  137-block 53
call   165 never executed
branch 166 never executed
branch 167 never executed
    %%%%%:  137-block 54
call   168 never executed
branch 169 never executed
branch 170 never executed
call   171 never executed
branch 172 never executed
branch 173 never executed
call   174 never executed
branch 175 never executed
branch 176 never executed
    %%%%%:  137-block 55
call   177 never executed
branch 178 never executed
branch 179 never executed
    %%%%%:  137-block 56
call   180 never executed
branch 181 never executed
branch 182 never executed
    %%%%%:  137-block 57
call   183 never executed
branch 184 never executed
branch 185 never executed
    %%%%%:  137-block 58
call   186 never executed
branch 187 never executed
branch 188 never executed
    %%%%%:  137-block 59
call   189 never executed
branch 190 never executed
branch 191 never executed
    %%%%%:  137-block 60
call   192 never executed
branch 193 never executed
branch 194 never executed
    %%%%%:  137-block 61
call   195 never executed
branch 196 never executed
branch 197 never executed
    %%%%%:  137-block 62
call   198 never executed
branch 199 never executed
branch 200 never executed
    %%%%%:  137-block 63
call   201 never executed
branch 202 never executed
branch 203 never executed
    %%%%%:  137-block 64
call   204 never executed
branch 205 never executed
branch 206 never executed
        1:  137-block 65
call   207 returned 1
branch 208 taken 1 (fallthrough)
branch 209 taken 0 (throw)
    %%%%%:  137-block 66
call   210 never executed
branch 211 never executed
branch 212 never executed
    %%%%%:  137-block 67
call   213 never executed
branch 214 never executed
branch 215 never executed
    %%%%%:  137-block 68
call   216 never executed
branch 217 never executed
branch 218 never executed
    %%%%%:  137-block 69
call   219 never executed
branch 220 never executed
branch 221 never executed
    %%%%%:  137-block 70
call   222 never executed
branch 223 never executed
branch 224 never executed
    %%%%%:  137-block 71
call   225 never executed
branch 226 never executed
branch 227 never executed
    %%%%%:  137-block 72
call   228 never executed
branch 229 never executed
branch 230 never executed
    %%%%%:  137-block 73
call   231 never executed
branch 232 never executed
branch 233 never executed
    %%%%%:  137-block 74
call   234 never executed
branch 235 never executed
branch 236 never executed
    %%%%%:  137-block 75
call   237 never executed
branch 238 never executed
branch 239 never executed
    %%%%%:  137-block 76
call   240 never executed
branch 241 never executed
branch 242 never executed
    %%%%%:  137-block 77
call   243 never executed
branch 244 never executed
branch 245 never executed
    %%%%%:  137-block 78
call   246 never executed
branch 247 never executed
branch 248 never executed
    %%%%%:  137-block 79
call   249 never executed
branch 250 never executed
branch 251 never executed
    %%%%%:  137-block 80
call   252 never executed
branch 253 never executed
branch 254 never executed
    %%%%%:  137-block 81
call   255 never executed
branch 256 never executed
branch 257 never executed
    %%%%%:  137-block 82
call   258 never executed
branch 259 never executed
branch 260 never executed
    %%%%%:  137-block 83
call   261 never executed
branch 262 never executed
branch 263 never executed
    %%%%%:  137-block 84
call   264 never executed
branch 265 never executed
branch 266 never executed
    %%%%%:  137-block 85
call   267 never executed
branch 268 never executed
branch 269 never executed
    %%%%%:  137-block 86
call   270 never executed
branch 271 never executed
branch 272 never executed
    %%%%%:  137-block 87
call   273 never executed
branch 274 never executed
branch 275 never executed
    %%%%%:  137-block 88
call   276 never executed
branch 277 never executed
branch 278 never executed
    %%%%%:  137-block 89
call   279 never executed
branch 280 never executed
branch 281 never executed
    %%%%%:  137-block 90
call   282 never executed
branch 283 never executed
branch 284 never executed
    %%%%%:  137-block 91
call   285 never executed
branch 286 never executed
branch 287 never executed
    %%%%%:  137-block 92
call   288 never executed
branch 289 never executed
branch 290 never executed
    %%%%%:  137-block 93
call   291 never executed
branch 292 never executed
branch 293 never executed
    %%%%%:  137-block 94
call   294 never executed
branch 295 never executed
branch 296 never executed
    %%%%%:  137-block 95
call   297 never executed
branch 298 never executed
branch 299 never executed
    %%%%%:  137-block 96
call   300 never executed
branch 301 never executed
branch 302 never executed
    %%%%%:  137-block 97
call   303 never executed
branch 304 never executed
branch 305 never executed
    %%%%%:  137-block 98
call   306 never executed
branch 307 never executed
branch 308 never executed
    %%%%%:  137-block 99
call   309 never executed
branch 310 never executed
branch 311 never executed
    %%%%%:  137-block 100
call   312 never executed
branch 313 never executed
branch 314 never executed
    %%%%%:  137-block 101
call   315 never executed
branch 316 never executed
branch 317 never executed
    %%%%%:  137-block 102
call   318 never executed
branch 319 never executed
branch 320 never executed
    %%%%%:  137-block 103
call   321 never executed
branch 322 never executed
branch 323 never executed
    %%%%%:  137-block 104
call   324 never executed
branch 325 never executed
branch 326 never executed
    %%%%%:  137-block 105
call   327 never executed
branch 328 never executed
branch 329 never executed
        -:  138:
        -:  139:      _GLIBCXX20_CONSTEXPR
       2*:  140:      allocator(const allocator& __a) _GLIBCXX_NOTHROW
    %%%%%:  140-block  0
call    0 never executed
    %%%%%:  140-block  1
branch  1 never executed
branch  2 never executed
branch  3 taken 0 (fallthrough)
branch  4 taken 1
call    5 never executed
branch  6 never executed
branch  7 never executed
    %%%%%:  140-block  2
call    8 never executed
branch  9 never executed
branch 10 never executed
    %%%%%:  140-block  3
call   11 never executed
branch 12 never executed
branch 13 never executed
    %%%%%:  140-block  4
call   14 never executed
branch 15 never executed
branch 16 never executed
        1:  140-block  5
call   17 returned 1
branch 18 taken 1 (fallthrough)
branch 19 taken 0 (throw)
    %%%%%:  140-block  6
call   20 never executed
branch 21 never executed
branch 22 never executed
    %%%%%:  140-block  7
call   23 never executed
branch 24 never executed
branch 25 never executed
    %%%%%:  140-block  8
call   26 never executed
branch 27 never executed
branch 28 never executed
    %%%%%:  140-block  9
call   29 never executed
branch 30 never executed
branch 31 never executed
    %%%%%:  140-block 10
call   32 never executed
branch 33 never executed
branch 34 never executed
    %%%%%:  140-block 11
call   35 never executed
branch 36 never executed
branch 37 never executed
    %%%%%:  140-block 12
call   38 never executed
branch 39 never executed
branch 40 never executed
    %%%%%:  140-block 13
call   41 never executed
branch 42 never executed
branch 43 never executed
    %%%%%:  140-block 14
call   44 never executed
branch 45 never executed
branch 46 never executed
    %%%%%:  140-block 15
call   47 never executed
branch 48 never executed
branch 49 never executed
    %%%%%:  140-block 16
call   50 never executed
branch 51 never executed
branch 52 never executed
    %%%%%:  140-block 17
call   53 never executed
branch 54 never executed
branch 55 never executed
    %%%%%:  140-block 18
call   56 never executed
branch 57 never executed
branch 58 never executed
    %%%%%:  140-block 19
call   59 never executed
branch 60 never executed
branch 61 never executed
    %%%%%:  140-block 20
call   62 never executed
branch 63 never executed
branch 64 never executed
    %%%%%:  140-block 21
call   65 never executed
branch 66 never executed
branch 67 never executed
    %%%%%:  140-block 22
call   68 never executed
branch 69 never executed
branch 70 never executed
    %%%%%:  140-block 23
call   71 never executed
branch 72 never executed
branch 73 never executed
    %%%%%:  140-block 24
call   74 never executed
branch 75 never executed
branch 76 never executed
    %%%%%:  140-block 25
call   77 never executed
branch 78 never executed
branch 79 never executed
       2*:  141:      : __allocator_base<_Tp>(__a) { }
    %%%%%:  141-block  0
call    0 never executed
    %%%%%:  141-block  1
branch  1 never executed
branch  2 never executed
branch  3 taken 0 (fallthrough)
branch  4 taken 1
call    5 never executed
branch  6 never executed
branch  7 never executed
    %%%%%:  141-block  2
call    8 never executed
branch  9 never executed
branch 10 never executed
    %%%%%:  141-block  3
call   11 never executed
branch 12 never executed
branch 13 never executed
    %%%%%:  141-block  4
call   14 never executed
branch 15 never executed
branch 16 never executed
        1:  141-block  5
call   17 returned 1
branch 18 taken 1 (fallthrough)
branch 19 taken 0 (throw)
    %%%%%:  141-block  6
call   20 never executed
branch 21 never executed
branch 22 never executed
    %%%%%:  141-block  7
call   23 never executed
branch 24 never executed
branch 25 never executed
    %%%%%:  141-block  8
call   26 never executed
branch 27 never executed
branch 28 never executed
    %%%%%:  141-block  9
call   29 never executed
branch 30 never executed
branch 31 never executed
    %%%%%:  141-block 10
call   32 never executed
branch 33 never executed
branch 34 never executed
    %%%%%:  141-block 11
call   35 never executed
branch 36 never executed
branch 37 never executed
    %%%%%:  141-block 12
call   38 never executed
branch 39 never executed
branch 40 never executed
    %%%%%:  141-block 13
call   41 never executed
branch 42 never executed
branch 43 never executed
    %%%%%:  141-block 14
call   44 never executed
branch 45 never executed
branch 46 never executed
    %%%%%:  141-block 15
call   47 never executed
branch 48 never executed
branch 49 never executed
    %%%%%:  141-block 16
call   50 never executed
branch 51 never executed
branch 52 never executed
    %%%%%:  141-block 17
call   53 never executed
branch 54 never executed
branch 55 never executed
    %%%%%:  141-block 18
call   56 never executed
branch 57 never executed
branch 58 never executed
    %%%%%:  141-block 19
call   59 never executed
branch 60 never executed
branch 61 never executed
    %%%%%:  141-block 20
call   62 never executed
branch 63 never executed
branch 64 never executed
    %%%%%:  141-block 21
call   65 never executed
branch 66 never executed
branch 67 never executed
    %%%%%:  141-block 22
call   68 never executed
branch 69 never executed
branch 70 never executed
    %%%%%:  141-block 23
call   71 never executed
branch 72 never executed
branch 73 never executed
    %%%%%:  141-block 24
call   74 never executed
branch 75 never executed
branch 76 never executed
    %%%%%:  141-block 25
call   77 never executed
branch 78 never executed
branch 79 never executed
        -:  142:
        -:  143:#if __cplusplus >= 201103L
        -:  144:      // Avoid implicit deprecation.
        -:  145:      allocator& operator=(const allocator&) = default;
        -:  146:#endif
        -:  147:
        -:  148:      template<typename _Tp1>
        -:  149:	_GLIBCXX20_CONSTEXPR
        -:  150:	allocator(const allocator<_Tp1>&) _GLIBCXX_NOTHROW { }
        -:  151:
       1*:  152:      ~allocator() _GLIBCXX_NOTHROW { }
    %%%%%:  152-block  0
    %%%%%:  152-block  1
    %%%%%:  152-block  2
    %%%%%:  152-block  3
    %%%%%:  152-block  4
call    0 never executed
    %%%%%:  152-block  5
call    1 never executed
    $$$$$:  152-block  6
call    2 never executed
    %%%%%:  152-block  7
call    3 never executed
    %%%%%:  152-block  8
call    4 never executed
    %%%%%:  152-block  9
branch  5 never executed
branch  6 never executed
    %%%%%:  152-block 10
    $$$$$:  152-block 11
    $$$$$:  152-block 12
    $$$$$:  152-block 13
    %%%%%:  152-block 14
branch  7 never executed
branch  8 never executed
    %%%%%:  152-block 15
    %%%%%:  152-block 16
branch  9 never executed
branch 10 never executed
    %%%%%:  152-block 17
    %%%%%:  152-block 18
branch 11 never executed
branch 12 never executed
    %%%%%:  152-block 19
    %%%%%:  152-block 20
branch 13 never executed
branch 14 never executed
    %%%%%:  152-block 21
    %%%%%:  152-block 22
branch 15 never executed
branch 16 never executed
    %%%%%:  152-block 23
    $$$$$:  152-block 24
    $$$$$:  152-block 25
    $$$$$:  152-block 26
    $$$$$:  152-block 27
call   17 never executed
    $$$$$:  152-block 28
    $$$$$:  152-block 29
    $$$$$:  152-block 30
    $$$$$:  152-block 31
call   18 never executed
    $$$$$:  152-block 32
    $$$$$:  152-block 33
    $$$$$:  152-block 34
    $$$$$:  152-block 35
call   19 never executed
    $$$$$:  152-block 36
    $$$$$:  152-block 37
    $$$$$:  152-block 38
    $$$$$:  152-block 39
call   20 never executed
    $$$$$:  152-block 40
    $$$$$:  152-block 41
    $$$$$:  152-block 42
    %%%%%:  152-block 43
call   21 never executed
    %%%%%:  152-block 44
    %%%%%:  152-block 45
    %%%%%:  152-block 46
    %%%%%:  152-block 47
    %%%%%:  152-block 48
    %%%%%:  152-block 49
    %%%%%:  152-block 50
    %%%%%:  152-block 51
    %%%%%:  152-block 52
    %%%%%:  152-block 53
    %%%%%:  152-block 54
    %%%%%:  152-block 55
    %%%%%:  152-block 56
call   22 never executed
branch 23 never executed
branch 24 never executed
    %%%%%:  152-block 57
call   25 never executed
branch 26 never executed
branch 27 never executed
    %%%%%:  152-block 58
call   28 never executed
branch 29 never executed
branch 30 never executed
    %%%%%:  152-block 59
    %%%%%:  152-block 60
call   31 never executed
branch 32 never executed
branch 33 never executed
    %%%%%:  152-block 61
call   34 never executed
branch 35 never executed
branch 36 never executed
    %%%%%:  152-block 62
call   37 never executed
branch 38 never executed
branch 39 never executed
    %%%%%:  152-block 63
    %%%%%:  152-block 64
    %%%%%:  152-block 65
    %%%%%:  152-block 66
    %%%%%:  152-block 67
    %%%%%:  152-block 68
    %%%%%:  152-block 69
    %%%%%:  152-block 70
    %%%%%:  152-block 71
    %%%%%:  152-block 72
    %%%%%:  152-block 73
    %%%%%:  152-block 74
    %%%%%:  152-block 75
    $$$$$:  152-block 76
call   40 never executed
    $$$$$:  152-block 77
    $$$$$:  152-block 78
call   41 never executed
    $$$$$:  152-block 79
    $$$$$:  152-block 80
call   42 never executed
    $$$$$:  152-block 81
    $$$$$:  152-block 82
call   43 never executed
    $$$$$:  152-block 83
    $$$$$:  152-block 84
call   44 never executed
    $$$$$:  152-block 85
    $$$$$:  152-block 86
call   45 never executed
    $$$$$:  152-block 87
    $$$$$:  152-block 88
call   46 never executed
    $$$$$:  152-block 89
    $$$$$:  152-block 90
call   47 never executed
    $$$$$:  152-block 91
    $$$$$:  152-block 92
call   48 never executed
    $$$$$:  152-block 93
    $$$$$:  152-block 94
call   49 never executed
    $$$$$:  152-block 95
    $$$$$:  152-block 96
call   50 never executed
    $$$$$:  152-block 97
    $$$$$:  152-block 98
call   51 never executed
    $$$$$:  152-block 99
    $$$$$:  152-block 100
call   52 never executed
    $$$$$:  152-block 101
    $$$$$:  152-block 102
call   53 never executed
    $$$$$:  152-block 103
    $$$$$:  152-block 104
call   54 never executed
    $$$$$:  152-block 105
    $$$$$:  152-block 106
call   55 never executed
    $$$$$:  152-block 107
    $$$$$:  152-block 108
call   56 never executed
    $$$$$:  152-block 109
    $$$$$:  152-block 110
call   57 never executed
    $$$$$:  152-block 111
    $$$$$:  152-block 112
call   58 never executed
    $$$$$:  152-block 113
    $$$$$:  152-block 114
call   59 never executed
    $$$$$:  152-block 115
    $$$$$:  152-block 116
call   60 never executed
    $$$$$:  152-block 117
    $$$$$:  152-block 118
call   61 never executed
    $$$$$:  152-block 119
    $$$$$:  152-block 120
call   62 never executed
    $$$$$:  152-block 121
    $$$$$:  152-block 122
call   63 never executed
    $$$$$:  152-block 123
    $$$$$:  152-block 124
call   64 never executed
    $$$$$:  152-block 125
    $$$$$:  152-block 126
call   65 never executed
    $$$$$:  152-block 127
    $$$$$:  152-block 128
call   66 never executed
    $$$$$:  152-block 129
    $$$$$:  152-block 130
call   67 never executed
    $$$$$:  152-block 131
    $$$$$:  152-block 132
call   68 never executed
    $$$$$:  152-block 133
    $$$$$:  152-block 134
call   69 never executed
    $$$$$:  152-block 135
    $$$$$:  152-block 136
call   70 never executed
    $$$$$:  152-block 137
    $$$$$:  152-block 138
call   71 never executed
    $$$$$:  152-block 139
    %%%%%:  152-block 140
branch 72 never executed
branch 73 never executed
    %%%%%:  152-block 141
call   74 never executed
    %%%%%:  152-block 142
    %%%%%:  152-block 143
    %%%%%:  152-block 144
    %%%%%:  152-block 145
    %%%%%:  152-block 146
    %%%%%:  152-block 147
    %%%%%:  152-block 148
    %%%%%:  152-block 149
    %%%%%:  152-block 150
    %%%%%:  152-block 151
    %%%%%:  152-block 152
    $$$$$:  152-block 153
    $$$$$:  152-block 154
call   75 never executed
    $$$$$:  152-block 155
    $$$$$:  152-block 156
call   76 never executed
    $$$$$:  152-block 157
    $$$$$:  152-block 158
call   77 never executed
    $$$$$:  152-block 159
    $$$$$:  152-block 160
call   78 never executed
    $$$$$:  152-block 161
call   79 never executed
    $$$$$:  152-block 162
    $$$$$:  152-block 163
call   80 never executed
    $$$$$:  152-block 164
    $$$$$:  152-block 165
call   81 never executed
    $$$$$:  152-block 166
    $$$$$:  152-block 167
call   82 never executed
    $$$$$:  152-block 168
    $$$$$:  152-block 169
call   83 never executed
    $$$$$:  152-block 170
    $$$$$:  152-block 171
call   84 never executed
    $$$$$:  152-block 172
    $$$$$:  152-block 173
call   85 never executed
    $$$$$:  152-block 174
    %%%%%:  152-block 175
    %%%%%:  152-block 176
    %%%%%:  152-block 177
    %%%%%:  152-block 178
branch 86 never executed
branch 87 never executed
    %%%%%:  152-block 179
call   88 never executed
branch 89 never executed
branch 90 never executed
    %%%%%:  152-block 180
call   91 never executed
branch 92 never executed
branch 93 never executed
    %%%%%:  152-block 181
call   94 never executed
branch 95 never executed
branch 96 never executed
    %%%%%:  152-block 182
call   97 never executed
branch 98 never executed
branch 99 never executed
    %%%%%:  152-block 183
branch 100 never executed
branch 101 never executed
    %%%%%:  152-block 184
call   102 never executed
branch 103 never executed
branch 104 never executed
    %%%%%:  152-block 185
branch 105 never executed
branch 106 never executed
    %%%%%:  152-block 186
call   107 never executed
branch 108 never executed
branch 109 never executed
    %%%%%:  152-block 187
branch 110 never executed
branch 111 never executed
    %%%%%:  152-block 188
call   112 never executed
    $$$$$:  152-block 189
    $$$$$:  152-block 190
call   113 never executed
    $$$$$:  152-block 191
    $$$$$:  152-block 192
call   114 never executed
    $$$$$:  152-block 193
    $$$$$:  152-block 194
call   115 never executed
    $$$$$:  152-block 195
    $$$$$:  152-block 196
    $$$$$:  152-block 197
    $$$$$:  152-block 198
call   116 never executed
    $$$$$:  152-block 199
    $$$$$:  152-block 200
call   117 never executed
    $$$$$:  152-block 201
    $$$$$:  152-block 202
call   118 never executed
    $$$$$:  152-block 203
    $$$$$:  152-block 204
call   119 never executed
    $$$$$:  152-block 205
    $$$$$:  152-block 206
    $$$$$:  152-block 207
    $$$$$:  152-block 208
call   120 never executed
    $$$$$:  152-block 209
    $$$$$:  152-block 210
    $$$$$:  152-block 211
    $$$$$:  152-block 212
call   121 never executed
    $$$$$:  152-block 213
    $$$$$:  152-block 214
    $$$$$:  152-block 215
        1:  152-block 216
branch 122 taken 0 (fallthrough)
branch 123 taken 1
        1:  152-block 217
call   124 returned 1
    %%%%%:  152-block 218
branch 125 never executed
branch 126 never executed
    %%%%%:  152-block 219
branch 127 never executed
branch 128 never executed
    %%%%%:  152-block 220
call   129 never executed
branch 130 never executed
branch 131 never executed
    %%%%%:  152-block 221
branch 132 never executed
branch 133 never executed
    %%%%%:  152-block 222
branch 134 never executed
branch 135 never executed
    %%%%%:  152-block 223
call   136 never executed
branch 137 never executed
branch 138 never executed
    %%%%%:  152-block 224
branch 139 never executed
branch 140 never executed
    %%%%%:  152-block 225
branch 141 never executed
branch 142 never executed
    %%%%%:  152-block 226
call   143 never executed
branch 144 never executed
branch 145 never executed
    %%%%%:  152-block 227
branch 146 never executed
branch 147 never executed
    %%%%%:  152-block 228
branch 148 never executed
branch 149 never executed
    %%%%%:  152-block 229
call   150 never executed
branch 151 never executed
branch 152 never executed
    %%%%%:  152-block 230
branch 153 never executed
branch 154 never executed
    %%%%%:  152-block 231
branch 155 never executed
branch 156 never executed
    %%%%%:  152-block 232
call   157 never executed
branch 158 never executed
branch 159 never executed
    %%%%%:  152-block 233
branch 160 never executed
branch 161 never executed
    %%%%%:  152-block 234
branch 162 never executed
branch 163 never executed
    %%%%%:  152-block 235
call   164 never executed
branch 165 never executed
branch 166 never executed
    %%%%%:  152-block 236
branch 167 never executed
branch 168 never executed
    %%%%%:  152-block 237
branch 169 never executed
branch 170 never executed
    %%%%%:  152-block 238
call   171 never executed
branch 172 never executed
branch 173 never executed
    %%%%%:  152-block 239
branch 174 never executed
branch 175 never executed
    %%%%%:  152-block 240
branch 176 never executed
branch 177 never executed
    %%%%%:  152-block 241
call   178 never executed
branch 179 never executed
branch 180 never executed
    %%%%%:  152-block 242
branch 181 never executed
branch 182 never executed
    %%%%%:  152-block 243
branch 183 never executed
branch 184 never executed
    %%%%%:  152-block 244
call   185 never executed
branch 186 never executed
branch 187 never executed
    %%%%%:  152-block 245
branch 188 never executed
branch 189 never executed
    %%%%%:  152-block 246
branch 190 never executed
branch 191 never executed
    %%%%%:  152-block 247
call   192 never executed
branch 193 never executed
branch 194 never executed
    %%%%%:  152-block 248
branch 195 never executed
branch 196 never executed
    %%%%%:  152-block 249
branch 197 never executed
branch 198 never executed
    %%%%%:  152-block 250
call   199 never executed
branch 200 never executed
branch 201 never executed
    %%%%%:  152-block 251
branch 202 never executed
branch 203 never executed
    %%%%%:  152-block 252
branch 204 never executed
branch 205 never executed
    %%%%%:  152-block 253
call   206 never executed
branch 207 never executed
branch 208 never executed
    %%%%%:  152-block 254
branch 209 never executed
branch 210 never executed
    %%%%%:  152-block 255
branch 211 never executed
branch 212 never executed
    %%%%%:  152-block 256
call   213 never executed
branch 214 never executed
branch 215 never executed
    %%%%%:  152-block 257
branch 216 never executed
branch 217 never executed
    %%%%%:  152-block 258
branch 218 never executed
branch 219 never executed
    %%%%%:  152-block 259
call   220 never executed
branch 221 never executed
branch 222 never executed
    %%%%%:  152-block 260
branch 223 never executed
branch 224 never executed
    %%%%%:  152-block 261
branch 225 never executed
branch 226 never executed
    %%%%%:  152-block 262
call   227 never executed
branch 228 never executed
branch 229 never executed
    %%%%%:  152-block 263
branch 230 never executed
branch 231 never executed
    %%%%%:  152-block 264
branch 232 never executed
branch 233 never executed
    %%%%%:  152-block 265
call   234 never executed
branch 235 never executed
branch 236 never executed
    %%%%%:  152-block 266
branch 237 never executed
branch 238 never executed
    %%%%%:  152-block 267
branch 239 never executed
branch 240 never executed
    %%%%%:  152-block 268
call   241 never executed
branch 242 never executed
branch 243 never executed
    %%%%%:  152-block 269
branch 244 never executed
branch 245 never executed
    %%%%%:  152-block 270
branch 246 never executed
branch 247 never executed
    %%%%%:  152-block 271
call   248 never executed
branch 249 never executed
branch 250 never executed
    %%%%%:  152-block 272
branch 251 never executed
branch 252 never executed
    %%%%%:  152-block 273
branch 253 never executed
branch 254 never executed
    %%%%%:  152-block 274
call   255 never executed
branch 256 never executed
branch 257 never executed
    %%%%%:  152-block 275
branch 258 never executed
branch 259 never executed
    %%%%%:  152-block 276
branch 260 never executed
branch 261 never executed
    %%%%%:  152-block 277
    $$$$$:  152-block 278
    $$$$$:  152-block 279
    $$$$$:  152-block 280
    $$$$$:  152-block 281
    $$$$$:  152-block 282
    $$$$$:  152-block 283
    $$$$$:  152-block 284
    $$$$$:  152-block 285
    $$$$$:  152-block 286
    $$$$$:  152-block 287
    $$$$$:  152-block 288
    $$$$$:  152-block 289
    $$$$$:  152-block 290
    $$$$$:  152-block 291
    $$$$$:  152-block 292
    $$$$$:  152-block 293
    $$$$$:  152-block 294
    $$$$$:  152-block 295
    $$$$$:  152-block 296
    $$$$$:  152-block 297
    $$$$$:  152-block 298
    $$$$$:  152-block 299
    $$$$$:  152-block 300
    $$$$$:  152-block 301
    $$$$$:  152-block 302
    $$$$$:  152-block 303
    $$$$$:  152-block 304
    $$$$$:  152-block 305
    $$$$$:  152-block 306
    $$$$$:  152-block 307
    $$$$$:  152-block 308
    $$$$$:  152-block 309
    $$$$$:  152-block 310
    $$$$$:  152-block 311
    $$$$$:  152-block 312
    $$$$$:  152-block 313
    $$$$$:  152-block 314
    $$$$$:  152-block 315
    $$$$$:  152-block 316
    $$$$$:  152-block 317
    $$$$$:  152-block 318
    $$$$$:  152-block 319
    $$$$$:  152-block 320
    $$$$$:  152-block 321
    $$$$$:  152-block 322
    $$$$$:  152-block 323
    $$$$$:  152-block 324
    $$$$$:  152-block 325
    $$$$$:  152-block 326
    $$$$$:  152-block 327
    $$$$$:  152-block 328
    $$$$$:  152-block 329
    $$$$$:  152-block 330
    $$$$$:  152-block 331
    $$$$$:  152-block 332
    $$$$$:  152-block 333
    $$$$$:  152-block 334
    $$$$$:  152-block 335
    $$$$$:  152-block 336
    $$$$$:  152-block 337
    $$$$$:  152-block 338
    $$$$$:  152-block 339
    $$$$$:  152-block 340
    $$$$$:  152-block 341
    $$$$$:  152-block 342
    $$$$$:  152-block 343
    $$$$$:  152-block 344
    $$$$$:  152-block 345
    $$$$$:  152-block 346
    $$$$$:  152-block 347
    $$$$$:  152-block 348
    $$$$$:  152-block 349
    $$$$$:  152-block 350
    $$$$$:  152-block 351
    $$$$$:  152-block 352
    $$$$$:  152-block 353
    $$$$$:  152-block 354
    $$$$$:  152-block 355
    $$$$$:  152-block 356
    $$$$$:  152-block 357
    $$$$$:  152-block 358
    $$$$$:  152-block 359
    $$$$$:  152-block 360
    $$$$$:  152-block 361
    $$$$$:  152-block 362
    $$$$$:  152-block 363
    $$$$$:  152-block 364
    $$$$$:  152-block 365
    $$$$$:  152-block 366
    $$$$$:  152-block 367
    $$$$$:  152-block 368
    $$$$$:  152-block 369
    $$$$$:  152-block 370
    $$$$$:  152-block 371
    $$$$$:  152-block 372
    $$$$$:  152-block 373
    $$$$$:  152-block 374
    $$$$$:  152-block 375
    $$$$$:  152-block 376
    $$$$$:  152-block 377
    $$$$$:  152-block 378
    $$$$$:  152-block 379
    $$$$$:  152-block 380
        -:  153:
        -:  154:      friend bool
        -:  155:      operator==(const allocator&, const allocator&) _GLIBCXX_NOTHROW
        -:  156:      { return true; }
        -:  157:
        -:  158:      friend bool
        -:  159:      operator!=(const allocator&, const allocator&) _GLIBCXX_NOTHROW
        -:  160:      { return false; }
        -:  161:
        -:  162:      // Inherit everything else.
        -:  163:    };
        -:  164:
        -:  165:  template<typename _T1, typename _T2>
        -:  166:    inline bool
        -:  167:    operator==(const allocator<_T1>&, const allocator<_T2>&)
        -:  168:    _GLIBCXX_NOTHROW
        -:  169:    { return true; }
        -:  170:
        -:  171:  template<typename _T1, typename _T2>
        -:  172:    inline bool
        -:  173:    operator!=(const allocator<_T1>&, const allocator<_T2>&)
        -:  174:    _GLIBCXX_NOTHROW
        -:  175:    { return false; }
        -:  176:
        -:  177:  // Invalid allocator<cv T> partial specializations.
        -:  178:  // allocator_traits::rebind_alloc can be used to form a valid allocator type.
        -:  179:  template<typename _Tp>
        -:  180:    class allocator<const _Tp>
        -:  181:    {
        -:  182:    public:
        -:  183:      typedef _Tp value_type;
        -:  184:      template<typename _Up> allocator(const allocator<_Up>&) { }
        -:  185:    };
        -:  186:
        -:  187:  template<typename _Tp>
        -:  188:    class allocator<volatile _Tp>
        -:  189:    {
        -:  190:    public:
        -:  191:      typedef _Tp value_type;
        -:  192:      template<typename _Up> allocator(const allocator<_Up>&) { }
        -:  193:    };
        -:  194:
        -:  195:  template<typename _Tp>
        -:  196:    class allocator<const volatile _Tp>
        -:  197:    {
        -:  198:    public:
        -:  199:      typedef _Tp value_type;
        -:  200:      template<typename _Up> allocator(const allocator<_Up>&) { }
        -:  201:    };
        -:  202:
        -:  203:  /// @} group allocator
        -:  204:
        -:  205:  // Inhibit implicit instantiations for required instantiations,
        -:  206:  // which are defined via explicit instantiations elsewhere.
        -:  207:#if _GLIBCXX_EXTERN_TEMPLATE
        -:  208:  extern template class allocator<char>;
        -:  209:  extern template class allocator<wchar_t>;
        -:  210:#endif
        -:  211:
        -:  212:  // Undefine.
        -:  213:#undef __allocator_base
        -:  214:
        -:  215:  // To implement Option 3 of DR 431.
        -:  216:  template<typename _Alloc, bool = __is_empty(_Alloc)>
        -:  217:    struct __alloc_swap
        -:  218:    { static void _S_do_it(_Alloc&, _Alloc&) _GLIBCXX_NOEXCEPT { } };
        -:  219:
        -:  220:  template<typename _Alloc>
        -:  221:    struct __alloc_swap<_Alloc, false>
        -:  222:    {
        -:  223:      static void
        -:  224:      _S_do_it(_Alloc& __one, _Alloc& __two) _GLIBCXX_NOEXCEPT
        -:  225:      {
        -:  226:	// Precondition: swappable allocators.
        -:  227:	if (__one != __two)
        -:  228:	  swap(__one, __two);
        -:  229:      }
        -:  230:    };
        -:  231:
        -:  232:  // Optimize for stateless allocators.
        -:  233:  template<typename _Alloc, bool = __is_empty(_Alloc)>
        -:  234:    struct __alloc_neq
        -:  235:    {
        -:  236:      static bool
        -:  237:      _S_do_it(const _Alloc&, const _Alloc&)
        -:  238:      { return false; }
        -:  239:    };
        -:  240:
        -:  241:  template<typename _Alloc>
        -:  242:    struct __alloc_neq<_Alloc, false>
        -:  243:    {
        -:  244:      static bool
        -:  245:      _S_do_it(const _Alloc& __one, const _Alloc& __two)
        -:  246:      { return __one != __two; }
        -:  247:    };
        -:  248:
        -:  249:#if __cplusplus >= 201103L
        -:  250:  template<typename _Tp, bool
        -:  251:    = __or_<is_copy_constructible<typename _Tp::value_type>,
        -:  252:            is_nothrow_move_constructible<typename _Tp::value_type>>::value>
        -:  253:    struct __shrink_to_fit_aux
        -:  254:    { static bool _S_do_it(_Tp&) noexcept { return false; } };
        -:  255:
        -:  256:  template<typename _Tp>
        -:  257:    struct __shrink_to_fit_aux<_Tp, true>
        -:  258:    {
        -:  259:      static bool
        -:  260:      _S_do_it(_Tp& __c) noexcept
        -:  261:      {
        -:  262:#if __cpp_exceptions
        -:  263:	try
        -:  264:	  {
        -:  265:	    _Tp(__make_move_if_noexcept_iterator(__c.begin()),
        -:  266:		__make_move_if_noexcept_iterator(__c.end()),
        -:  267:		__c.get_allocator()).swap(__c);
        -:  268:	    return true;
        -:  269:	  }
        -:  270:	catch(...)
        -:  271:	  { return false; }
        -:  272:#else
        -:  273:	return false;
        -:  274:#endif
        -:  275:      }
        -:  276:    };
        -:  277:#endif
        -:  278:
        -:  279:_GLIBCXX_END_NAMESPACE_VERSION
        -:  280:} // namespace std
        -:  281:
        -:  282:#endif
