        -:    0:Source:/home/daniel/Projects/C++/Natrix/src/Engine/Base/PositionRepresentation/Position.hpp
        -:    0:Graph:/home/daniel/Projects/C++/Natrix/cmake-build-debug-coverage/CMakeFiles/Natrix.dir/src/Natrix.cpp.gcno
        -:    0:Data:/home/daniel/Projects/C++/Natrix/cmake-build-debug-coverage/CMakeFiles/Natrix.dir/src/Natrix.cpp.gcda
        -:    0:Runs:1
        -:    1:#include <cmath>
        -:    2:#include "RepetitionHistory.hpp"
        -:    3:#include "Move.hpp"
        -:    4:
        -:    5:
        -:    6:#pragma once
        -:    7:
        -:    8:
    #####:    9:class Position {
    %%%%%:    9-block  0
branch  0 never executed
branch  1 never executed
    %%%%%:    9-block  1
call    2 never executed
    %%%%%:    9-block  2
branch  3 never executed
branch  4 never executed
    %%%%%:    9-block  3
call    5 never executed
    $$$$$:    9-block  4
branch  6 never executed
branch  7 never executed
    $$$$$:    9-block  5
call    8 never executed
    $$$$$:    9-block  6
branch  9 never executed
branch 10 never executed
    %%%%%:    9-block  7
branch 11 never executed
branch 12 never executed
    %%%%%:    9-block  8
call   13 never executed
    $$$$$:    9-block  9
branch 14 never executed
branch 15 never executed
    %%%%%:    9-block 10
branch 16 never executed
branch 17 never executed
    %%%%%:    9-block 11
call   18 never executed
    $$$$$:    9-block 12
branch 19 never executed
branch 20 never executed
    %%%%%:    9-block 13
branch 21 never executed
branch 22 never executed
    %%%%%:    9-block 14
call   23 never executed
    $$$$$:    9-block 15
branch 24 never executed
branch 25 never executed
    $$$$$:    9-block 16
call   26 never executed
branch 27 never executed
branch 28 never executed
    %%%%%:    9-block 17
branch 29 never executed
branch 30 never executed
    %%%%%:    9-block 18
branch 31 never executed
branch 32 never executed
    %%%%%:    9-block 19
    $$$$$:    9-block 20
branch 33 never executed
branch 34 never executed
    $$$$$:    9-block 21
call   35 never executed
    $$$$$:    9-block 22
branch 36 never executed
branch 37 never executed
        -:   10:public:
        -:   11:    Position();
        -:   12:    Position(const std::string& short_fen, uint8_t en_passant, bool w_l_castling, bool w_s_castling, bool b_l_castling, bool b_s_castling, float move_ctr);
        -:   13:
        -:   14:    friend std::ostream& operator <<(std::ostream& ostream, Position position);
        -:   15:
        -:   16:    void move(Move move);
        -:   17:
        -:   18:    Pieces _pieces;
        -:   19:    uint8_t _en_passant;
        -:   20:
        -:   21:    bool _w_l_castling;
        -:   22:    bool _w_s_castling;
        -:   23:    bool _b_l_castling;
        -:   24:    bool _b_s_castling;
        -:   25:
        -:   26:    bool _white_castling_happened;
        -:   27:    bool _black_castling_happened;
        -:   28:
        -:   29:    float _move_ctr;
        -:   30:    ZobristHash _hash;
        -:   31:    float _fifty_moves_ctr;
        -:   32:    RepetitionHistory _repetition_history;
        -:   33:private:
        -:   34:    void _add_piece(uint8_t square, uint8_t type, uint8_t side);
        -:   35:    void _remove_piece(uint8_t square, uint8_t type, uint8_t side);
        -:   36:    void _change_en_passant(uint8_t en_passant);
        -:   37:
        -:   38:    void _remove_w_l_castling();
        -:   39:    void _remove_w_s_castling();
        -:   40:    void _remove_b_l_castling();
        -:   41:    void _remove_b_s_castling();
        -:   42:
        -:   43:    void _update_move_ctr();
        -:   44:    void _update_fifty_moves_ctr(bool break_event);
        -:   45:};
