        -:    0:Source:/home/daniel/Projects/C++/Natrix/src/Engine/Base/PositionRepresentation/RepetitionHistory.hpp
        -:    0:Graph:/home/daniel/Projects/C++/Natrix/cmake-build-debug-coverage/CMakeFiles/Natrix.dir/src/Engine/AI/OpeningBook.cpp.gcno
        -:    0:Data:/home/daniel/Projects/C++/Natrix/cmake-build-debug-coverage/CMakeFiles/Natrix.dir/src/Engine/AI/OpeningBook.cpp.gcda
        -:    0:Runs:1
        -:    1:#include <vector>
        -:    2:#include "ZobristHash.hpp"
        -:    3:
        -:    4:
        -:    5:#pragma once
        -:    6:
        -:    7:
  193777*:    8:class RepetitionHistory {
branch  0 never executed
branch  1 never executed
    %%%%%:    8-block  0
branch  2 never executed
branch  3 never executed
    %%%%%:    8-block  1
branch  4 never executed
branch  5 never executed
    %%%%%:    8-block  2
    $$$$$:    8-block  3
branch  6 never executed
branch  7 never executed
branch  8 taken 0 (fallthrough)
branch  9 taken 7751
     7751:    8-block  4
branch 10 taken 7751 (fallthrough)
branch 11 taken 0
    93012:    8-block  5
branch 12 taken 93012 (fallthrough)
branch 13 taken 0
    93012:    8-block  6
        1:    8-block  7
branch 14 taken 1 (fallthrough)
branch 15 taken 0
        1:    8-block  8
branch 16 taken 0 (fallthrough)
branch 17 taken 1
    $$$$$:    8-block  9
branch 18 never executed
branch 19 never executed
    $$$$$:    8-block 10
    $$$$$:    8-block 11
branch 20 never executed
branch 21 never executed
    $$$$$:    8-block 12
        -:    9:public:
        -:   10:    RepetitionHistory();
        -:   11:
        -:   12:    void add_position(ZobristHash hash);
        -:   13:
        -:   14:    void clear();
        -:   15:
        -:   16:    uint8_t get_repetition_number(ZobristHash hash);
        -:   17:private:
        -:   18:    std::vector<ZobristHash> _hashes;
        -:   19:};
