        -:    0:Source:/home/daniel/Projects/C++/Natrix/src/Engine/Base/PositionRepresentation/RepetitionHistory.hpp
        -:    0:Graph:/home/daniel/Projects/C++/Natrix/cmake-build-debug-coverage/CMakeFiles/Natrix.dir/src/Engine/Base/PositionRepresentation/Position.cpp.gcno
        -:    0:Data:/home/daniel/Projects/C++/Natrix/cmake-build-debug-coverage/CMakeFiles/Natrix.dir/src/Engine/Base/PositionRepresentation/Position.cpp.gcda
        -:    0:Runs:1
        -:    1:#include <vector>
        -:    2:#include "ZobristHash.hpp"
        -:    3:
        -:    4:
        -:    5:#pragma once
        -:    6:
        -:    7:
    =====:    8:class RepetitionHistory {
    $$$$$:    8-block  0
branch  0 never executed
branch  1 never executed
        -:    9:public:
        -:   10:    RepetitionHistory();
        -:   11:
        -:   12:    void add_position(ZobristHash hash);
        -:   13:
        -:   14:    void clear();
        -:   15:
        -:   16:    uint8_t get_repetition_number(ZobristHash hash);
        -:   17:private:
        -:   18:    std::vector<ZobristHash> _hashes;
        -:   19:};
