        -:    0:Source:/home/daniel/Projects/C++/Natrix/src/Engine/AI/TranspositionTable.cpp
        -:    0:Graph:/home/daniel/Projects/C++/Natrix/cmake-build-debug-coverage/CMakeFiles/Natrix.dir/src/Engine/AI/TranspositionTable.cpp.gcno
        -:    0:Data:/home/daniel/Projects/C++/Natrix/cmake-build-debug-coverage/CMakeFiles/Natrix.dir/src/Engine/AI/TranspositionTable.cpp.gcda
        -:    0:Runs:1
        -:    1:#include "TranspositionTable.hpp"
        -:    2:
        -:    3:
        -:    4:TranspositionTable::TranspositionTable() = default;
function _ZN18TranspositionTable9add_entryE5Entry called 0 returned 0% blocks executed 0%
    #####:    5:void TranspositionTable::add_entry(Entry entry) {
    #####:    6:    auto hash_copy = this->_set.find(entry);
    %%%%%:    6-block  0
call    0 never executed
    #####:    7:    if (hash_copy == this->_set.end() or hash_copy->_depth < entry._depth) this->_set.insert(entry);
branch  0 never executed
branch  1 never executed
    %%%%%:    7-block  0
branch  2 never executed
branch  3 never executed
    %%%%%:    7-block  1
call    4 never executed
    #####:    8:}
function _ZN18TranspositionTable27try_to_find_best_move_indexE11ZobristHash called 0 returned 0% blocks executed 0%
    #####:    9:uint8_t TranspositionTable::try_to_find_best_move_index(ZobristHash hash) {
    #####:   10:    auto entry = this->_set.find({hash, 0, 0});
    %%%%%:   10-block  0
call    0 never executed
        -:   11:
    #####:   12:    if (entry == this->_set.end()) return 255;
branch  0 never executed
branch  1 never executed
    #####:   13:    return entry->_best_move_index;
    %%%%%:   13-block  0
        -:   14:}
